2025-06-16 15:17:06,982 [INFO] Received scrape request.
2025-06-16 15:17:06,985 [INFO] Initializing Chrome WebDriver in headless mode...
2025-06-16 15:17:21,337 [INFO] Navigating to LinkedIn login page...
2025-06-16 15:18:18,043 [INFO] Login successful.
2025-06-16 15:18:18,053 [INFO] Scraping page 1: https://www.linkedin.com/search/results/people/?keywords=hr%20recruiters%20of%20it%20companies&origin=CLUSTER_EXPANSION&sid=KwH&page=1
2025-06-16 15:18:41,117 [INFO] Processing profile: Aleena Iram | Lahore | https://www.linkedin.com/in/aleena-it-recruiter?miniProfileUrn=urn%3Ali%3Afs_miniProfile%3AACoAAEcwS5EBMQUsEPBQc38-XzjWVUw4_QLcnuc
2025-06-16 15:19:04,926 [INFO] Visiting contact info page.
2025-06-16 15:19:27,940 [INFO] Adding new profile with email: aleena.iram@kgcitsolutions.com
2025-06-16 15:19:27,961 [INFO] Processing profile: Tayyab Daniyal | Pakistan | https://www.linkedin.com/in/tayyab-daniyal-b17ab8218?miniProfileUrn=urn%3Ali%3Afs_miniProfile%3AACoAADb670MBCsHTmICDFUWmJjOEK_kAXwoAoEQ
2025-06-16 15:19:47,293 [INFO] Visiting contact info page.
2025-06-16 15:20:05,687 [INFO] No email found for Tayyab Daniyal, skipping.
2025-06-16 15:20:05,689 [INFO] Processing profile: Seemal Mazhar | United Arab Emirates | https://www.linkedin.com/in/seemal-mazhar-90048b124?miniProfileUrn=urn%3Ali%3Afs_miniProfile%3AACoAAB6ux1AB9YVdMbiqpy9sWRoNGFDMKqZNWdw
2025-06-16 15:20:26,230 [INFO] Visiting contact info page.
2025-06-16 15:20:47,175 [INFO] No email found for Seemal Mazhar, skipping.
2025-06-16 15:20:47,180 [INFO] Processing profile: May Ann M. | Manila | https://www.linkedin.com/in/may-ann-m-92247815b?miniProfileUrn=urn%3Ali%3Afs_miniProfile%3AACoAACZVkioBVfzHoSZj6xe54JupTSZZN6O5ANU
2025-06-16 15:21:06,816 [INFO] Visiting contact info page.
2025-06-16 15:21:27,028 [INFO] Adding new profile with email: mhayann1998@gmail.com
2025-06-16 15:21:27,033 [INFO] Processing profile: Shahveer Malik | Multan | https://www.linkedin.com/in/shahveer-malik-58abb31b9?miniProfileUrn=urn%3Ali%3Afs_miniProfile%3AACoAADLmpnoBKIrYneC16OPU9H-oHrLaBtZOhLA
2025-06-16 15:21:44,508 [INFO] Visiting contact info page.
2025-06-16 15:22:03,841 [INFO] Adding new profile with email: operations@rdxit.com
2025-06-16 15:22:03,845 [INFO] Processing profile: Tekle Tvildiani | Poland | https://www.linkedin.com/in/tekle-tvildiani?miniProfileUrn=urn%3Ali%3Afs_miniProfile%3AACoAAD04qv0Bz1xjHpD0YOVCKrBmkmPG42dAMHc
2025-06-16 15:22:28,339 [INFO] Visiting contact info page.
2025-06-16 15:22:49,480 [INFO] Adding new profile with email: lisa.lomadze@devsdata.com
2025-06-16 15:22:49,482 [INFO] Processing profile: Maria Faaiz | Lahore | https://www.linkedin.com/in/maria-ansari-techrecruiter?miniProfileUrn=urn%3Ali%3Afs_miniProfile%3AACoAACPwD1wBcIj5iDxN5qLNOJBc2DJBN1kas84
2025-06-16 15:23:20,124 [INFO] Visiting contact info page.
2025-06-16 15:23:43,703 [INFO] No email found for Maria Faaiz, skipping.
2025-06-16 15:24:03,415 [INFO] Visiting contact info page.
2025-06-16 15:24:22,196 [INFO] No email found for Daniyal Faridi, skipping.
2025-06-16 15:24:22,199 [INFO] Processing profile: Priyadarshini Chelva | Hyderabad | https://www.linkedin.com/in/priyadarshini-chelva?miniProfileUrn=urn%3Ali%3Afs_miniProfile%3AACoAAB2qJ1cBs9RCR2ePNjljc64embNeA59HovA
2025-06-16 15:24:39,763 [INFO] Visiting contact info page.
2025-06-16 15:24:57,970 [INFO] Adding new profile with email: priyadarshini.chelva@deshaw.com
2025-06-16 15:24:57,977 [INFO] Processing profile: Bhawna Mishra | India | https://www.linkedin.com/in/bhawna-mishra-0b0b24200?miniProfileUrn=urn%3Ali%3Afs_miniProfile%3AACoAADNsgYQB04WnxZZB4OnEwbHkCLqSV2Nh4L4
2025-06-16 15:25:34,790 [INFO] Visiting contact info page.
2025-06-16 15:26:02,497 [INFO] Adding new profile with email: bhawna@ambiencehr.com
2025-06-16 15:26:02,502 [INFO] Appending 6 profiles to Excel.
2025-06-16 15:26:03,666 [INFO] Scraping page 2: https://www.linkedin.com/search/results/people/?keywords=hr%20recruiters%20of%20it%20companies&origin=CLUSTER_EXPANSION&sid=KwH&page=2
2025-06-16 15:26:42,417 [INFO] Visiting contact info page.
2025-06-16 15:27:07,740 [INFO] Adding new profile with email: saba.hr@technolimedia.com
2025-06-16 15:27:07,742 [INFO] Processing profile: Ahmad Khan | Lahore District | https://www.linkedin.com/in/iamahmadkhan?miniProfileUrn=urn%3Ali%3Afs_miniProfile%3AACoAABjyEboBLD4H7vTzYZmSt2_6PBQgBDzAiU4
2025-06-16 15:27:30,950 [INFO] Visiting contact info page.
2025-06-16 15:27:54,703 [INFO] No email found for Ahmad Khan, skipping.
2025-06-16 15:27:54,706 [INFO] Processing profile: Sidra Riaz | Rawalpindi | https://www.linkedin.com/in/sidra-riaz-1a2b23140?miniProfileUrn=urn%3Ali%3Afs_miniProfile%3AACoAACJWe0oBsoYDz2TBiiJr-OshhF8MMnYwdP0
2025-06-16 15:28:09,729 [INFO] Visiting contact info page.
2025-06-16 15:28:24,956 [INFO] No email found for Sidra Riaz, skipping.
2025-06-16 15:28:24,958 [INFO] Processing profile: Abhishek Kumar | Jaipur | https://www.linkedin.com/in/abhishek-kumar-47a6321bb?miniProfileUrn=urn%3Ali%3Afs_miniProfile%3AACoAADMsOx4BF92YnoIYSTD7WxdaIPfCZSdylH0
2025-06-16 15:28:42,010 [INFO] Visiting contact info page.
2025-06-16 15:28:59,713 [INFO] Adding new profile with email: hr@grrassolutions.in
2025-06-16 15:28:59,716 [INFO] Processing profile: Umair Daad | Lahore | https://www.linkedin.com/in/umair-daad?miniProfileUrn=urn%3Ali%3Afs_miniProfile%3AACoAAEYoZGwBPOcRdSidj0z12qsHWKN9bqiIZTQ
2025-06-16 15:29:14,911 [INFO] Visiting contact info page.
2025-06-16 15:29:33,215 [INFO] Adding new profile with email: muhammad.nouman@emiratestalentsolution.com
2025-06-16 15:29:33,217 [INFO] Processing profile: Wajahat Ahmad | Mailsi | https://www.linkedin.com/in/wajahatahmad~recruiter?miniProfileUrn=urn%3Ali%3Afs_miniProfile%3AACoAADmyXNoBJHxJMAqfWQQBeZYjk9e0nk948tY
2025-06-16 15:29:54,680 [INFO] Visiting contact info page.
2025-06-16 15:30:13,563 [INFO] No email found for Wajahat Ahmad, skipping.
2025-06-16 15:30:13,566 [INFO] Processing profile: Ashkhen (Tochor) Hovhannisyan | Yerevan, Armenia | https://www.linkedin.com/in/tochor?miniProfileUrn=urn%3Ali%3Afs_miniProfile%3AACoAACONqgABNUxPRfgvo_mJLGg1VElwqzJjI-0
2025-06-16 15:30:32,955 [INFO] Visiting contact info page.
2025-06-16 15:30:52,658 [INFO] Adding new profile with email: info@magnus-hr.com
2025-06-16 15:30:52,659 [INFO] Processing profile: Kainat Ali | Lahore | https://www.linkedin.com/in/kainat-ali123?miniProfileUrn=urn%3Ali%3Afs_miniProfile%3AACoAADXpsTEB9wKOBIYJIfpccW-_8FdcfhtYyMk
2025-06-16 15:31:12,827 [INFO] Visiting contact info page.
2025-06-16 15:31:30,647 [INFO] Adding new profile with email: kainat.ali@nxb.com.pk
2025-06-16 15:31:30,650 [INFO] Processing profile:  | Bengaluru | 
2025-06-16 15:31:30,658 [ERROR] Error processing profile: Message: invalid argument
  (Session info: chrome=137.0.7151.104)
Stacktrace:
	GetHandleVerifier [0x0x7ff64ad2fe75+79173]
	GetHandleVerifier [0x0x7ff64ad2fed0+79264]
	(No symbol) [0x0x7ff64aae9c8c]
	(No symbol) [0x0x7ff64aad6998]
	(No symbol) [0x0x7ff64aad4d50]
	(No symbol) [0x0x7ff64aad541c]
	(No symbol) [0x0x7ff64aaede0a]
	(No symbol) [0x0x7ff64ab91dfe]
	(No symbol) [0x0x7ff64ab6896a]
	(No symbol) [0x0x7ff64ab9100d]
	(No symbol) [0x0x7ff64ab68743]
	(No symbol) [0x0x7ff64ab314c1]
	(No symbol) [0x0x7ff64ab32253]
	GetHandleVerifier [0x0x7ff64affa2ad+3004797]
	GetHandleVerifier [0x0x7ff64aff46fd+2981325]
	GetHandleVerifier [0x0x7ff64b013350+3107360]
	GetHandleVerifier [0x0x7ff64ad4a9fe+188622]
	GetHandleVerifier [0x0x7ff64ad5228f+219487]
	GetHandleVerifier [0x0x7ff64ad38dc4+115860]
	GetHandleVerifier [0x0x7ff64ad38f79+116297]
	GetHandleVerifier [0x0x7ff64ad1f528+11256]
	BaseThreadInitThunk [0x0x7ffdcbb37374+20]
	RtlUserThreadStart [0x0x7ffdcc59cc91+33]
Traceback (most recent call last):
  File "D:\VS Code\LinkedIn Scrapper\main2.py", line 135, in scrape_profiles
    driver.get(profile_url)
    ~~~~~~~~~~^^^^^^^^^^^^^
  File "d:\VS Code\LinkedIn Scrapper\.venv\Lib\site-packages\selenium\webdriver\remote\webdriver.py", line 472, in get
    self.execute(Command.GET, {"url": url})
    ~~~~~~~~~~~~^^^^^^^^^^^^^^^^^^^^^^^^^^^
  File "d:\VS Code\LinkedIn Scrapper\.venv\Lib\site-packages\selenium\webdriver\remote\webdriver.py", line 447, in execute
    self.error_handler.check_response(response)
    ~~~~~~~~~~~~~~~~~~~~~~~~~~~~~~~~~^^^^^^^^^^
  File "d:\VS Code\LinkedIn Scrapper\.venv\Lib\site-packages\selenium\webdriver\remote\errorhandler.py", line 232, in check_response
    raise exception_class(message, screen, stacktrace)
selenium.common.exceptions.InvalidArgumentException: Message: invalid argument
  (Session info: chrome=137.0.7151.104)
Stacktrace:
	GetHandleVerifier [0x0x7ff64ad2fe75+79173]
	GetHandleVerifier [0x0x7ff64ad2fed0+79264]
	(No symbol) [0x0x7ff64aae9c8c]
	(No symbol) [0x0x7ff64aad6998]
	(No symbol) [0x0x7ff64aad4d50]
	(No symbol) [0x0x7ff64aad541c]
	(No symbol) [0x0x7ff64aaede0a]
	(No symbol) [0x0x7ff64ab91dfe]
	(No symbol) [0x0x7ff64ab6896a]
	(No symbol) [0x0x7ff64ab9100d]
	(No symbol) [0x0x7ff64ab68743]
	(No symbol) [0x0x7ff64ab314c1]
	(No symbol) [0x0x7ff64ab32253]
	GetHandleVerifier [0x0x7ff64affa2ad+3004797]
	GetHandleVerifier [0x0x7ff64aff46fd+2981325]
	GetHandleVerifier [0x0x7ff64b013350+3107360]
	GetHandleVerifier [0x0x7ff64ad4a9fe+188622]
	GetHandleVerifier [0x0x7ff64ad5228f+219487]
	GetHandleVerifier [0x0x7ff64ad38dc4+115860]
	GetHandleVerifier [0x0x7ff64ad38f79+116297]
	GetHandleVerifier [0x0x7ff64ad1f528+11256]
	BaseThreadInitThunk [0x0x7ffdcbb37374+20]
	RtlUserThreadStart [0x0x7ffdcc59cc91+33]

2025-06-16 15:31:30,766 [INFO] Processing profile: Layeeq Ahmed | Chennai | https://www.linkedin.com/in/layeeq-ahmed-4a7711224?miniProfileUrn=urn%3Ali%3Afs_miniProfile%3AACoAADhYrn8BwPxZpyBm80Z4WYx88s627mHCato
2025-06-16 15:31:45,160 [INFO] Visiting contact info page.
2025-06-16 15:31:59,591 [INFO] Adding new profile with email: layeeq@reveilletechnologies.com
2025-06-16 15:31:59,592 [INFO] Appending 6 profiles to Excel.
2025-06-16 15:31:59,692 [INFO] Scraping page 3: https://www.linkedin.com/search/results/people/?keywords=hr%20recruiters%20of%20it%20companies&origin=CLUSTER_EXPANSION&sid=KwH&page=3
2025-06-16 15:32:08,685 [INFO] Processing profile: Katie George Westerberg | Conshohocken, PA | https://www.linkedin.com/in/kgeorge406?miniProfileUrn=urn%3Ali%3Afs_miniProfile%3AACoAAADNGyMBB10c_mqb24P3BGbgXvXZNXW7mAw
2025-06-16 15:32:27,561 [INFO] Visiting contact info page.
2025-06-16 15:32:48,388 [INFO] Adding new profile with email: kg@libertyjobs.com
2025-06-16 15:32:48,390 [INFO] Processing profile: Arwa Noman | Lahore | https://www.linkedin.com/in/arwa-noman-4684031b6?miniProfileUrn=urn%3Ali%3Afs_miniProfile%3AACoAADI_5tABUpZJNS7jWlsivyXOsaJg-UKVxVs
2025-06-16 15:33:09,294 [INFO] Visiting contact info page.
2025-06-16 15:33:27,343 [INFO] No email found for Arwa Noman, skipping.
2025-06-16 15:33:27,359 [INFO] Processing profile:  | Hyderabad | 
2025-06-16 15:33:27,385 [ERROR] Error processing profile: Message: invalid argument
  (Session info: chrome=137.0.7151.104)
Stacktrace:
	GetHandleVerifier [0x0x7ff64ad2fe75+79173]
	GetHandleVerifier [0x0x7ff64ad2fed0+79264]
	(No symbol) [0x0x7ff64aae9c8c]
	(No symbol) [0x0x7ff64aad6998]
	(No symbol) [0x0x7ff64aad4d50]
	(No symbol) [0x0x7ff64aad541c]
	(No symbol) [0x0x7ff64aaede0a]
	(No symbol) [0x0x7ff64ab91dfe]
	(No symbol) [0x0x7ff64ab6896a]
	(No symbol) [0x0x7ff64ab9100d]
	(No symbol) [0x0x7ff64ab68743]
	(No symbol) [0x0x7ff64ab314c1]
	(No symbol) [0x0x7ff64ab32253]
	GetHandleVerifier [0x0x7ff64affa2ad+3004797]
	GetHandleVerifier [0x0x7ff64aff46fd+2981325]
	GetHandleVerifier [0x0x7ff64b013350+3107360]
	GetHandleVerifier [0x0x7ff64ad4a9fe+188622]
	GetHandleVerifier [0x0x7ff64ad5228f+219487]
	GetHandleVerifier [0x0x7ff64ad38dc4+115860]
	GetHandleVerifier [0x0x7ff64ad38f79+116297]
	GetHandleVerifier [0x0x7ff64ad1f528+11256]
	BaseThreadInitThunk [0x0x7ffdcbb37374+20]
	RtlUserThreadStart [0x0x7ffdcc59cc91+33]
Traceback (most recent call last):
  File "D:\VS Code\LinkedIn Scrapper\main2.py", line 135, in scrape_profiles
    driver.get(profile_url)
    ~~~~~~~~~~^^^^^^^^^^^^^
  File "d:\VS Code\LinkedIn Scrapper\.venv\Lib\site-packages\selenium\webdriver\remote\webdriver.py", line 472, in get
    self.execute(Command.GET, {"url": url})
    ~~~~~~~~~~~~^^^^^^^^^^^^^^^^^^^^^^^^^^^
  File "d:\VS Code\LinkedIn Scrapper\.venv\Lib\site-packages\selenium\webdriver\remote\webdriver.py", line 447, in execute
    self.error_handler.check_response(response)
    ~~~~~~~~~~~~~~~~~~~~~~~~~~~~~~~~~^^^^^^^^^^
  File "d:\VS Code\LinkedIn Scrapper\.venv\Lib\site-packages\selenium\webdriver\remote\errorhandler.py", line 232, in check_response
    raise exception_class(message, screen, stacktrace)
selenium.common.exceptions.InvalidArgumentException: Message: invalid argument
  (Session info: chrome=137.0.7151.104)
Stacktrace:
	GetHandleVerifier [0x0x7ff64ad2fe75+79173]
	GetHandleVerifier [0x0x7ff64ad2fed0+79264]
	(No symbol) [0x0x7ff64aae9c8c]
	(No symbol) [0x0x7ff64aad6998]
	(No symbol) [0x0x7ff64aad4d50]
	(No symbol) [0x0x7ff64aad541c]
	(No symbol) [0x0x7ff64aaede0a]
	(No symbol) [0x0x7ff64ab91dfe]
	(No symbol) [0x0x7ff64ab6896a]
	(No symbol) [0x0x7ff64ab9100d]
	(No symbol) [0x0x7ff64ab68743]
	(No symbol) [0x0x7ff64ab314c1]
	(No symbol) [0x0x7ff64ab32253]
	GetHandleVerifier [0x0x7ff64affa2ad+3004797]
	GetHandleVerifier [0x0x7ff64aff46fd+2981325]
	GetHandleVerifier [0x0x7ff64b013350+3107360]
	GetHandleVerifier [0x0x7ff64ad4a9fe+188622]
	GetHandleVerifier [0x0x7ff64ad5228f+219487]
	GetHandleVerifier [0x0x7ff64ad38dc4+115860]
	GetHandleVerifier [0x0x7ff64ad38f79+116297]
	GetHandleVerifier [0x0x7ff64ad1f528+11256]
	BaseThreadInitThunk [0x0x7ffdcbb37374+20]
	RtlUserThreadStart [0x0x7ffdcc59cc91+33]

2025-06-16 15:33:27,437 [INFO] Processing profile: Syed Naveed | Dubai, United Arab Emirates | https://www.linkedin.com/in/syed-naveed-30619a108?miniProfileUrn=urn%3Ali%3Afs_miniProfile%3AACoAABsUajYB-S8GlW23xkevSCN2IuxF_Xx3btA
2025-06-16 15:33:46,926 [INFO] Visiting contact info page.
2025-06-16 15:34:05,177 [INFO] Adding new profile with email: syednaveed.uddin@cns-me.com
2025-06-16 15:34:05,178 [INFO] Processing profile: sakshi khanka | Dehradun | https://www.linkedin.com/in/sakshi-khanka-baa178191?miniProfileUrn=urn%3Ali%3Afs_miniProfile%3AACoAAC0Nj7IBK673sj2FHmFF1YhkLxKXGRJteFw
2025-06-16 15:34:22,655 [INFO] Visiting contact info page.
2025-06-16 15:34:39,155 [INFO] Adding new profile with email: sakshi.khanka@neweraindia.com
2025-06-16 15:34:39,158 [INFO] Processing profile: vikram Jaddu | Hyderabad | https://www.linkedin.com/in/vikram-jaddu-374536242?miniProfileUrn=urn%3Ali%3Afs_miniProfile%3AACoAADw8OYgBFDlWeo8sqISWvXN4klRICGme9vs
2025-06-16 15:34:55,827 [INFO] Visiting contact info page.
2025-06-16 15:35:11,472 [INFO] No email found for vikram Jaddu, skipping.
2025-06-16 15:35:11,474 [INFO] Processing profile: Suprava Maharana | Bhubaneswar | https://www.linkedin.com/in/suprava-maharana-43213a1b1?miniProfileUrn=urn%3Ali%3Afs_miniProfile%3AACoAADFR1OYBo9XpRO1KV4swrSGVqoe_fOltdZc
2025-06-16 15:35:28,760 [INFO] Visiting contact info page.
2025-06-16 15:35:46,483 [INFO] Adding new profile with email: suprava.maharana@hyscaler.com
2025-06-16 15:35:46,485 [INFO] Processing profile:  | Greater Dublin | 
2025-06-16 15:35:46,545 [ERROR] Error processing profile: Message: invalid argument
  (Session info: chrome=137.0.7151.104)
Stacktrace:
	GetHandleVerifier [0x0x7ff64ad2fe75+79173]
	GetHandleVerifier [0x0x7ff64ad2fed0+79264]
	(No symbol) [0x0x7ff64aae9c8c]
	(No symbol) [0x0x7ff64aad6998]
	(No symbol) [0x0x7ff64aad4d50]
	(No symbol) [0x0x7ff64aad541c]
	(No symbol) [0x0x7ff64aaede0a]
	(No symbol) [0x0x7ff64ab91dfe]
	(No symbol) [0x0x7ff64ab6896a]
	(No symbol) [0x0x7ff64ab9100d]
	(No symbol) [0x0x7ff64ab68743]
	(No symbol) [0x0x7ff64ab314c1]
	(No symbol) [0x0x7ff64ab32253]
	GetHandleVerifier [0x0x7ff64affa2ad+3004797]
	GetHandleVerifier [0x0x7ff64aff46fd+2981325]
	GetHandleVerifier [0x0x7ff64b013350+3107360]
	GetHandleVerifier [0x0x7ff64ad4a9fe+188622]
	GetHandleVerifier [0x0x7ff64ad5228f+219487]
	GetHandleVerifier [0x0x7ff64ad38dc4+115860]
	GetHandleVerifier [0x0x7ff64ad38f79+116297]
	GetHandleVerifier [0x0x7ff64ad1f528+11256]
	BaseThreadInitThunk [0x0x7ffdcbb37374+20]
	RtlUserThreadStart [0x0x7ffdcc59cc91+33]
Traceback (most recent call last):
  File "D:\VS Code\LinkedIn Scrapper\main2.py", line 135, in scrape_profiles
    driver.get(profile_url)
    ~~~~~~~~~~^^^^^^^^^^^^^
  File "d:\VS Code\LinkedIn Scrapper\.venv\Lib\site-packages\selenium\webdriver\remote\webdriver.py", line 472, in get
    self.execute(Command.GET, {"url": url})
    ~~~~~~~~~~~~^^^^^^^^^^^^^^^^^^^^^^^^^^^
  File "d:\VS Code\LinkedIn Scrapper\.venv\Lib\site-packages\selenium\webdriver\remote\webdriver.py", line 447, in execute
    self.error_handler.check_response(response)
    ~~~~~~~~~~~~~~~~~~~~~~~~~~~~~~~~~^^^^^^^^^^
  File "d:\VS Code\LinkedIn Scrapper\.venv\Lib\site-packages\selenium\webdriver\remote\errorhandler.py", line 232, in check_response
    raise exception_class(message, screen, stacktrace)
selenium.common.exceptions.InvalidArgumentException: Message: invalid argument
  (Session info: chrome=137.0.7151.104)
Stacktrace:
	GetHandleVerifier [0x0x7ff64ad2fe75+79173]
	GetHandleVerifier [0x0x7ff64ad2fed0+79264]
	(No symbol) [0x0x7ff64aae9c8c]
	(No symbol) [0x0x7ff64aad6998]
	(No symbol) [0x0x7ff64aad4d50]
	(No symbol) [0x0x7ff64aad541c]
	(No symbol) [0x0x7ff64aaede0a]
	(No symbol) [0x0x7ff64ab91dfe]
	(No symbol) [0x0x7ff64ab6896a]
	(No symbol) [0x0x7ff64ab9100d]
	(No symbol) [0x0x7ff64ab68743]
	(No symbol) [0x0x7ff64ab314c1]
	(No symbol) [0x0x7ff64ab32253]
	GetHandleVerifier [0x0x7ff64affa2ad+3004797]
	GetHandleVerifier [0x0x7ff64aff46fd+2981325]
	GetHandleVerifier [0x0x7ff64b013350+3107360]
	GetHandleVerifier [0x0x7ff64ad4a9fe+188622]
	GetHandleVerifier [0x0x7ff64ad5228f+219487]
	GetHandleVerifier [0x0x7ff64ad38dc4+115860]
	GetHandleVerifier [0x0x7ff64ad38f79+116297]
	GetHandleVerifier [0x0x7ff64ad1f528+11256]
	BaseThreadInitThunk [0x0x7ffdcbb37374+20]
	RtlUserThreadStart [0x0x7ffdcc59cc91+33]

2025-06-16 15:35:46,582 [INFO] Processing profile: Roselin Rego | Dubai, United Arab Emirates | https://www.linkedin.com/in/roselin-rego-692272185?miniProfileUrn=urn%3Ali%3Afs_miniProfile%3AACoAACuksE4Br_NHLL3ZOj0dedVqW7MiYovmb9c
2025-06-16 15:36:04,681 [INFO] Visiting contact info page.
2025-06-16 15:36:32,387 [INFO] Adding new profile with email: shivani@pactemployment.ae
2025-06-16 15:36:32,388 [INFO] Processing profile: Patricia Delahunty | Greater Palma de Mallorca Metropolitan Area | https://www.linkedin.com/in/patricia-delahunty-7000bab5?miniProfileUrn=urn%3Ali%3Afs_miniProfile%3AACoAABhl0nABL4dRT2cdDgCYsW-xUHDLge--_DE
2025-06-16 15:36:59,902 [INFO] Visiting contact info page.
2025-06-16 15:37:36,120 [INFO] No email found for Patricia Delahunty, skipping.
2025-06-16 15:37:36,122 [INFO] Appending 5 profiles to Excel.
2025-06-16 15:37:36,289 [INFO] Scraping page 4: https://www.linkedin.com/search/results/people/?keywords=hr%20recruiters%20of%20it%20companies&origin=CLUSTER_EXPANSION&sid=KwH&page=4
2025-06-16 15:37:50,556 [INFO] Processing profile:  | Greater Dublin | 
2025-06-16 15:37:50,726 [ERROR] Error processing profile: Message: invalid argument
  (Session info: chrome=137.0.7151.104)
Stacktrace:
	GetHandleVerifier [0x0x7ff64ad2fe75+79173]
	GetHandleVerifier [0x0x7ff64ad2fed0+79264]
	(No symbol) [0x0x7ff64aae9c8c]
	(No symbol) [0x0x7ff64aad6998]
	(No symbol) [0x0x7ff64aad4d50]
	(No symbol) [0x0x7ff64aad541c]
	(No symbol) [0x0x7ff64aaede0a]
	(No symbol) [0x0x7ff64ab91dfe]
	(No symbol) [0x0x7ff64ab6896a]
	(No symbol) [0x0x7ff64ab9100d]
	(No symbol) [0x0x7ff64ab68743]
	(No symbol) [0x0x7ff64ab314c1]
	(No symbol) [0x0x7ff64ab32253]
	GetHandleVerifier [0x0x7ff64affa2ad+3004797]
	GetHandleVerifier [0x0x7ff64aff46fd+2981325]
	GetHandleVerifier [0x0x7ff64b013350+3107360]
	GetHandleVerifier [0x0x7ff64ad4a9fe+188622]
	GetHandleVerifier [0x0x7ff64ad5228f+219487]
	GetHandleVerifier [0x0x7ff64ad38dc4+115860]
	GetHandleVerifier [0x0x7ff64ad38f79+116297]
	GetHandleVerifier [0x0x7ff64ad1f528+11256]
	BaseThreadInitThunk [0x0x7ffdcbb37374+20]
	RtlUserThreadStart [0x0x7ffdcc59cc91+33]
Traceback (most recent call last):
  File "D:\VS Code\LinkedIn Scrapper\main2.py", line 135, in scrape_profiles
    driver.get(profile_url)
    ~~~~~~~~~~^^^^^^^^^^^^^
  File "d:\VS Code\LinkedIn Scrapper\.venv\Lib\site-packages\selenium\webdriver\remote\webdriver.py", line 472, in get
    self.execute(Command.GET, {"url": url})
    ~~~~~~~~~~~~^^^^^^^^^^^^^^^^^^^^^^^^^^^
  File "d:\VS Code\LinkedIn Scrapper\.venv\Lib\site-packages\selenium\webdriver\remote\webdriver.py", line 447, in execute
    self.error_handler.check_response(response)
    ~~~~~~~~~~~~~~~~~~~~~~~~~~~~~~~~~^^^^^^^^^^
  File "d:\VS Code\LinkedIn Scrapper\.venv\Lib\site-packages\selenium\webdriver\remote\errorhandler.py", line 232, in check_response
    raise exception_class(message, screen, stacktrace)
selenium.common.exceptions.InvalidArgumentException: Message: invalid argument
  (Session info: chrome=137.0.7151.104)
Stacktrace:
	GetHandleVerifier [0x0x7ff64ad2fe75+79173]
	GetHandleVerifier [0x0x7ff64ad2fed0+79264]
	(No symbol) [0x0x7ff64aae9c8c]
	(No symbol) [0x0x7ff64aad6998]
	(No symbol) [0x0x7ff64aad4d50]
	(No symbol) [0x0x7ff64aad541c]
	(No symbol) [0x0x7ff64aaede0a]
	(No symbol) [0x0x7ff64ab91dfe]
	(No symbol) [0x0x7ff64ab6896a]
	(No symbol) [0x0x7ff64ab9100d]
	(No symbol) [0x0x7ff64ab68743]
	(No symbol) [0x0x7ff64ab314c1]
	(No symbol) [0x0x7ff64ab32253]
	GetHandleVerifier [0x0x7ff64affa2ad+3004797]
	GetHandleVerifier [0x0x7ff64aff46fd+2981325]
	GetHandleVerifier [0x0x7ff64b013350+3107360]
	GetHandleVerifier [0x0x7ff64ad4a9fe+188622]
	GetHandleVerifier [0x0x7ff64ad5228f+219487]
	GetHandleVerifier [0x0x7ff64ad38dc4+115860]
	GetHandleVerifier [0x0x7ff64ad38f79+116297]
	GetHandleVerifier [0x0x7ff64ad1f528+11256]
	BaseThreadInitThunk [0x0x7ffdcbb37374+20]
	RtlUserThreadStart [0x0x7ffdcc59cc91+33]

2025-06-16 15:37:50,761 [INFO] Processing profile: Anna Yefremova | Ukraine | https://www.linkedin.com/in/anna-yefremova-38354478?miniProfileUrn=urn%3Ali%3Afs_miniProfile%3AACoAABB0HRMB7O-Jk0NlJYT8WB_6qPUqDhVPQhQ
2025-06-16 15:38:14,444 [INFO] Visiting contact info page.
2025-06-16 15:38:36,565 [INFO] No email found for Anna Yefremova, skipping.
2025-06-16 15:38:36,567 [INFO] Processing profile: Roselin Rego | Dubai, United Arab Emirates | https://www.linkedin.com/in/roselin-rego-692272185?miniProfileUrn=urn%3Ali%3Afs_miniProfile%3AACoAACuksE4Br_NHLL3ZOj0dedVqW7MiYovmb9c
2025-06-16 15:38:58,261 [INFO] Visiting contact info page.
2025-06-16 15:39:08,022 [INFO] No email found for Roselin Rego, skipping.
2025-06-16 15:39:08,025 [INFO] Processing profile: Patricia Delahunty | Greater Palma de Mallorca Metropolitan Area | https://www.linkedin.com/in/patricia-delahunty-7000bab5?miniProfileUrn=urn%3Ali%3Afs_miniProfile%3AACoAABhl0nABL4dRT2cdDgCYsW-xUHDLge--_DE
2025-06-16 15:39:34,155 [INFO] Visiting contact info page.
2025-06-16 15:41:34,167 [ERROR] Error processing profile: HTTPConnectionPool(host='localhost', port=49959): Read timed out. (read timeout=120)
Traceback (most recent call last):
  File "d:\VS Code\LinkedIn Scrapper\.venv\Lib\site-packages\urllib3\connectionpool.py", line 534, in _make_request
    response = conn.getresponse()
  File "d:\VS Code\LinkedIn Scrapper\.venv\Lib\site-packages\urllib3\connection.py", line 516, in getresponse
    httplib_response = super().getresponse()
  File "C:\Program Files\Python313\Lib\http\client.py", line 1428, in getresponse
    response.begin()
    ~~~~~~~~~~~~~~^^
  File "C:\Program Files\Python313\Lib\http\client.py", line 331, in begin
    version, status, reason = self._read_status()
                              ~~~~~~~~~~~~~~~~~^^
  File "C:\Program Files\Python313\Lib\http\client.py", line 292, in _read_status
    line = str(self.fp.readline(_MAXLINE + 1), "iso-8859-1")
               ~~~~~~~~~~~~~~~~^^^^^^^^^^^^^^
  File "C:\Program Files\Python313\Lib\socket.py", line 719, in readinto
    return self._sock.recv_into(b)
           ~~~~~~~~~~~~~~~~~~~~^^^
TimeoutError: timed out

The above exception was the direct cause of the following exception:

Traceback (most recent call last):
  File "D:\VS Code\LinkedIn Scrapper\main2.py", line 149, in scrape_profiles
    driver.get('https://www.linkedin.com' + contact_link_elem['href'])
    ~~~~~~~~~~^^^^^^^^^^^^^^^^^^^^^^^^^^^^^^^^^^^^^^^^^^^^^^^^^^^^^^^^
  File "d:\VS Code\LinkedIn Scrapper\.venv\Lib\site-packages\selenium\webdriver\remote\webdriver.py", line 472, in get
    self.execute(Command.GET, {"url": url})
    ~~~~~~~~~~~~^^^^^^^^^^^^^^^^^^^^^^^^^^^
  File "d:\VS Code\LinkedIn Scrapper\.venv\Lib\site-packages\selenium\webdriver\remote\webdriver.py", line 445, in execute
    response = self.command_executor.execute(driver_command, params)
  File "d:\VS Code\LinkedIn Scrapper\.venv\Lib\site-packages\selenium\webdriver\remote\remote_connection.py", line 404, in execute
    return self._request(command_info[0], url, body=data)
           ~~~~~~~~~~~~~^^^^^^^^^^^^^^^^^^^^^^^^^^^^^^^^^
  File "d:\VS Code\LinkedIn Scrapper\.venv\Lib\site-packages\selenium\webdriver\remote\remote_connection.py", line 428, in _request
    response = self._conn.request(method, url, body=body, headers=headers, timeout=self._client_config.timeout)
  File "d:\VS Code\LinkedIn Scrapper\.venv\Lib\site-packages\urllib3\_request_methods.py", line 143, in request
    return self.request_encode_body(
           ~~~~~~~~~~~~~~~~~~~~~~~~^
        method, url, fields=fields, headers=headers, **urlopen_kw
        ^^^^^^^^^^^^^^^^^^^^^^^^^^^^^^^^^^^^^^^^^^^^^^^^^^^^^^^^^
    )
    ^
  File "d:\VS Code\LinkedIn Scrapper\.venv\Lib\site-packages\urllib3\_request_methods.py", line 278, in request_encode_body
    return self.urlopen(method, url, **extra_kw)
           ~~~~~~~~~~~~^^^^^^^^^^^^^^^^^^^^^^^^^
  File "d:\VS Code\LinkedIn Scrapper\.venv\Lib\site-packages\urllib3\poolmanager.py", line 443, in urlopen
    response = conn.urlopen(method, u.request_uri, **kw)
  File "d:\VS Code\LinkedIn Scrapper\.venv\Lib\site-packages\urllib3\connectionpool.py", line 841, in urlopen
    retries = retries.increment(
        method, url, error=new_e, _pool=self, _stacktrace=sys.exc_info()[2]
    )
  File "d:\VS Code\LinkedIn Scrapper\.venv\Lib\site-packages\urllib3\util\retry.py", line 474, in increment
    raise reraise(type(error), error, _stacktrace)
          ~~~~~~~^^^^^^^^^^^^^^^^^^^^^^^^^^^^^^^^^
  File "d:\VS Code\LinkedIn Scrapper\.venv\Lib\site-packages\urllib3\util\util.py", line 39, in reraise
    raise value
  File "d:\VS Code\LinkedIn Scrapper\.venv\Lib\site-packages\urllib3\connectionpool.py", line 787, in urlopen
    response = self._make_request(
        conn,
    ...<10 lines>...
        **response_kw,
    )
  File "d:\VS Code\LinkedIn Scrapper\.venv\Lib\site-packages\urllib3\connectionpool.py", line 536, in _make_request
    self._raise_timeout(err=e, url=url, timeout_value=read_timeout)
    ~~~~~~~~~~~~~~~~~~~^^^^^^^^^^^^^^^^^^^^^^^^^^^^^^^^^^^^^^^^^^^^
  File "d:\VS Code\LinkedIn Scrapper\.venv\Lib\site-packages\urllib3\connectionpool.py", line 367, in _raise_timeout
    raise ReadTimeoutError(
        self, url, f"Read timed out. (read timeout={timeout_value})"
    ) from err
urllib3.exceptions.ReadTimeoutError: HTTPConnectionPool(host='localhost', port=49959): Read timed out. (read timeout=120)
2025-06-16 15:41:34,636 [INFO] Processing profile: Siya Thakur | Sahibzada Ajit Singh Nagar | https://www.linkedin.com/in/siya-thakur-8b3208279?miniProfileUrn=urn%3Ali%3Afs_miniProfile%3AACoAAEPXIwcB2z23gGAgUpaSKJbpi6ruRwwKSQk
2025-06-16 15:43:34,657 [ERROR] Error processing profile: HTTPConnectionPool(host='localhost', port=49959): Read timed out. (read timeout=120)
Traceback (most recent call last):
  File "d:\VS Code\LinkedIn Scrapper\.venv\Lib\site-packages\urllib3\connectionpool.py", line 534, in _make_request
    response = conn.getresponse()
  File "d:\VS Code\LinkedIn Scrapper\.venv\Lib\site-packages\urllib3\connection.py", line 516, in getresponse
    httplib_response = super().getresponse()
  File "C:\Program Files\Python313\Lib\http\client.py", line 1428, in getresponse
    response.begin()
    ~~~~~~~~~~~~~~^^
  File "C:\Program Files\Python313\Lib\http\client.py", line 331, in begin
    version, status, reason = self._read_status()
                              ~~~~~~~~~~~~~~~~~^^
  File "C:\Program Files\Python313\Lib\http\client.py", line 292, in _read_status
    line = str(self.fp.readline(_MAXLINE + 1), "iso-8859-1")
               ~~~~~~~~~~~~~~~~^^^^^^^^^^^^^^
  File "C:\Program Files\Python313\Lib\socket.py", line 719, in readinto
    return self._sock.recv_into(b)
           ~~~~~~~~~~~~~~~~~~~~^^^
TimeoutError: timed out

The above exception was the direct cause of the following exception:

Traceback (most recent call last):
  File "D:\VS Code\LinkedIn Scrapper\main2.py", line 135, in scrape_profiles
    driver.get(profile_url)
    ~~~~~~~~~~^^^^^^^^^^^^^
  File "d:\VS Code\LinkedIn Scrapper\.venv\Lib\site-packages\selenium\webdriver\remote\webdriver.py", line 472, in get
    self.execute(Command.GET, {"url": url})
    ~~~~~~~~~~~~^^^^^^^^^^^^^^^^^^^^^^^^^^^
  File "d:\VS Code\LinkedIn Scrapper\.venv\Lib\site-packages\selenium\webdriver\remote\webdriver.py", line 445, in execute
    response = self.command_executor.execute(driver_command, params)
  File "d:\VS Code\LinkedIn Scrapper\.venv\Lib\site-packages\selenium\webdriver\remote\remote_connection.py", line 404, in execute
    return self._request(command_info[0], url, body=data)
           ~~~~~~~~~~~~~^^^^^^^^^^^^^^^^^^^^^^^^^^^^^^^^^
  File "d:\VS Code\LinkedIn Scrapper\.venv\Lib\site-packages\selenium\webdriver\remote\remote_connection.py", line 428, in _request
    response = self._conn.request(method, url, body=body, headers=headers, timeout=self._client_config.timeout)
  File "d:\VS Code\LinkedIn Scrapper\.venv\Lib\site-packages\urllib3\_request_methods.py", line 143, in request
    return self.request_encode_body(
           ~~~~~~~~~~~~~~~~~~~~~~~~^
        method, url, fields=fields, headers=headers, **urlopen_kw
        ^^^^^^^^^^^^^^^^^^^^^^^^^^^^^^^^^^^^^^^^^^^^^^^^^^^^^^^^^
    )
    ^
  File "d:\VS Code\LinkedIn Scrapper\.venv\Lib\site-packages\urllib3\_request_methods.py", line 278, in request_encode_body
    return self.urlopen(method, url, **extra_kw)
           ~~~~~~~~~~~~^^^^^^^^^^^^^^^^^^^^^^^^^
  File "d:\VS Code\LinkedIn Scrapper\.venv\Lib\site-packages\urllib3\poolmanager.py", line 443, in urlopen
    response = conn.urlopen(method, u.request_uri, **kw)
  File "d:\VS Code\LinkedIn Scrapper\.venv\Lib\site-packages\urllib3\connectionpool.py", line 841, in urlopen
    retries = retries.increment(
        method, url, error=new_e, _pool=self, _stacktrace=sys.exc_info()[2]
    )
  File "d:\VS Code\LinkedIn Scrapper\.venv\Lib\site-packages\urllib3\util\retry.py", line 474, in increment
    raise reraise(type(error), error, _stacktrace)
          ~~~~~~~^^^^^^^^^^^^^^^^^^^^^^^^^^^^^^^^^
  File "d:\VS Code\LinkedIn Scrapper\.venv\Lib\site-packages\urllib3\util\util.py", line 39, in reraise
    raise value
  File "d:\VS Code\LinkedIn Scrapper\.venv\Lib\site-packages\urllib3\connectionpool.py", line 787, in urlopen
    response = self._make_request(
        conn,
    ...<10 lines>...
        **response_kw,
    )
  File "d:\VS Code\LinkedIn Scrapper\.venv\Lib\site-packages\urllib3\connectionpool.py", line 536, in _make_request
    self._raise_timeout(err=e, url=url, timeout_value=read_timeout)
    ~~~~~~~~~~~~~~~~~~~^^^^^^^^^^^^^^^^^^^^^^^^^^^^^^^^^^^^^^^^^^^^
  File "d:\VS Code\LinkedIn Scrapper\.venv\Lib\site-packages\urllib3\connectionpool.py", line 367, in _raise_timeout
    raise ReadTimeoutError(
        self, url, f"Read timed out. (read timeout={timeout_value})"
    ) from err
urllib3.exceptions.ReadTimeoutError: HTTPConnectionPool(host='localhost', port=49959): Read timed out. (read timeout=120)
2025-06-16 15:43:34,699 [INFO] Processing profile: Neha Tripathi | Noida | https://www.linkedin.com/in/neha-tripathi-425a4125?miniProfileUrn=urn%3Ali%3Afs_miniProfile%3AACoAAAVQlR0BWTI5o1BAus8AKu0Va9j36IZ-aic
2025-06-16 15:43:57,091 [INFO] Visiting contact info page.
2025-06-16 15:44:14,936 [INFO] Adding new profile with email: neha@limitlessmobil.com
2025-06-16 15:44:14,938 [INFO] Processing profile: Cecily Kerr | Detroit Metropolitan Area | https://www.linkedin.com/in/cecily-kerr-572558b8?miniProfileUrn=urn%3Ali%3Afs_miniProfile%3AACoAABj_iiYBdFfiVjHtEAhp4DH_Oxf0UvDMtC4
2025-06-16 15:44:32,023 [INFO] Visiting contact info page.
2025-06-16 15:44:48,400 [INFO] No email found for Cecily Kerr, skipping.
2025-06-16 15:44:48,405 [INFO] Processing profile:  | Delhi, India | 
2025-06-16 15:44:48,431 [ERROR] Error processing profile: Message: invalid argument
  (Session info: chrome=137.0.7151.104)
Stacktrace:
	GetHandleVerifier [0x0x7ff64ad2fe75+79173]
	GetHandleVerifier [0x0x7ff64ad2fed0+79264]
	(No symbol) [0x0x7ff64aae9c8c]
	(No symbol) [0x0x7ff64aad6998]
	(No symbol) [0x0x7ff64aad4d50]
	(No symbol) [0x0x7ff64aad541c]
	(No symbol) [0x0x7ff64aaede0a]
	(No symbol) [0x0x7ff64ab91dfe]
	(No symbol) [0x0x7ff64ab6896a]
	(No symbol) [0x0x7ff64ab9100d]
	(No symbol) [0x0x7ff64ab68743]
	(No symbol) [0x0x7ff64ab314c1]
	(No symbol) [0x0x7ff64ab32253]
	GetHandleVerifier [0x0x7ff64affa2ad+3004797]
	GetHandleVerifier [0x0x7ff64aff46fd+2981325]
	GetHandleVerifier [0x0x7ff64b013350+3107360]
	GetHandleVerifier [0x0x7ff64ad4a9fe+188622]
	GetHandleVerifier [0x0x7ff64ad5228f+219487]
	GetHandleVerifier [0x0x7ff64ad38dc4+115860]
	GetHandleVerifier [0x0x7ff64ad38f79+116297]
	GetHandleVerifier [0x0x7ff64ad1f528+11256]
	BaseThreadInitThunk [0x0x7ffdcbb37374+20]
	RtlUserThreadStart [0x0x7ffdcc59cc91+33]
Traceback (most recent call last):
  File "D:\VS Code\LinkedIn Scrapper\main2.py", line 135, in scrape_profiles
    driver.get(profile_url)
    ~~~~~~~~~~^^^^^^^^^^^^^
  File "d:\VS Code\LinkedIn Scrapper\.venv\Lib\site-packages\selenium\webdriver\remote\webdriver.py", line 472, in get
    self.execute(Command.GET, {"url": url})
    ~~~~~~~~~~~~^^^^^^^^^^^^^^^^^^^^^^^^^^^
  File "d:\VS Code\LinkedIn Scrapper\.venv\Lib\site-packages\selenium\webdriver\remote\webdriver.py", line 447, in execute
    self.error_handler.check_response(response)
    ~~~~~~~~~~~~~~~~~~~~~~~~~~~~~~~~~^^^^^^^^^^
  File "d:\VS Code\LinkedIn Scrapper\.venv\Lib\site-packages\selenium\webdriver\remote\errorhandler.py", line 232, in check_response
    raise exception_class(message, screen, stacktrace)
selenium.common.exceptions.InvalidArgumentException: Message: invalid argument
  (Session info: chrome=137.0.7151.104)
Stacktrace:
	GetHandleVerifier [0x0x7ff64ad2fe75+79173]
	GetHandleVerifier [0x0x7ff64ad2fed0+79264]
	(No symbol) [0x0x7ff64aae9c8c]
	(No symbol) [0x0x7ff64aad6998]
	(No symbol) [0x0x7ff64aad4d50]
	(No symbol) [0x0x7ff64aad541c]
	(No symbol) [0x0x7ff64aaede0a]
	(No symbol) [0x0x7ff64ab91dfe]
	(No symbol) [0x0x7ff64ab6896a]
	(No symbol) [0x0x7ff64ab9100d]
	(No symbol) [0x0x7ff64ab68743]
	(No symbol) [0x0x7ff64ab314c1]
	(No symbol) [0x0x7ff64ab32253]
	GetHandleVerifier [0x0x7ff64affa2ad+3004797]
	GetHandleVerifier [0x0x7ff64aff46fd+2981325]
	GetHandleVerifier [0x0x7ff64b013350+3107360]
	GetHandleVerifier [0x0x7ff64ad4a9fe+188622]
	GetHandleVerifier [0x0x7ff64ad5228f+219487]
	GetHandleVerifier [0x0x7ff64ad38dc4+115860]
	GetHandleVerifier [0x0x7ff64ad38f79+116297]
	GetHandleVerifier [0x0x7ff64ad1f528+11256]
	BaseThreadInitThunk [0x0x7ffdcbb37374+20]
	RtlUserThreadStart [0x0x7ffdcc59cc91+33]

2025-06-16 15:44:48,471 [INFO] Processing profile: Afzal Saiyed | Vadodara | https://www.linkedin.com/in/afzalsaiyed07?miniProfileUrn=urn%3Ali%3Afs_miniProfile%3AACoAADuB7pwBRLGL-8CXd8kysTXCLEsd_4yYcDQ
2025-06-16 15:45:03,191 [INFO] Visiting contact info page.
2025-06-16 15:45:18,076 [INFO] Adding new profile with email: afjal.s@apideltech.com
2025-06-16 15:45:18,077 [INFO] Processing profile:  | Bengaluru | 
2025-06-16 15:45:18,082 [ERROR] Error processing profile: Message: invalid argument
  (Session info: chrome=137.0.7151.104)
Stacktrace:
	GetHandleVerifier [0x0x7ff64ad2fe75+79173]
	GetHandleVerifier [0x0x7ff64ad2fed0+79264]
	(No symbol) [0x0x7ff64aae9c8c]
	(No symbol) [0x0x7ff64aad6998]
	(No symbol) [0x0x7ff64aad4d50]
	(No symbol) [0x0x7ff64aad541c]
	(No symbol) [0x0x7ff64aaede0a]
	(No symbol) [0x0x7ff64ab91dfe]
	(No symbol) [0x0x7ff64ab6896a]
	(No symbol) [0x0x7ff64ab9100d]
	(No symbol) [0x0x7ff64ab68743]
	(No symbol) [0x0x7ff64ab314c1]
	(No symbol) [0x0x7ff64ab32253]
	GetHandleVerifier [0x0x7ff64affa2ad+3004797]
	GetHandleVerifier [0x0x7ff64aff46fd+2981325]
	GetHandleVerifier [0x0x7ff64b013350+3107360]
	GetHandleVerifier [0x0x7ff64ad4a9fe+188622]
	GetHandleVerifier [0x0x7ff64ad5228f+219487]
	GetHandleVerifier [0x0x7ff64ad38dc4+115860]
	GetHandleVerifier [0x0x7ff64ad38f79+116297]
	GetHandleVerifier [0x0x7ff64ad1f528+11256]
	BaseThreadInitThunk [0x0x7ffdcbb37374+20]
	RtlUserThreadStart [0x0x7ffdcc59cc91+33]
Traceback (most recent call last):
  File "D:\VS Code\LinkedIn Scrapper\main2.py", line 135, in scrape_profiles
    driver.get(profile_url)
    ~~~~~~~~~~^^^^^^^^^^^^^
  File "d:\VS Code\LinkedIn Scrapper\.venv\Lib\site-packages\selenium\webdriver\remote\webdriver.py", line 472, in get
    self.execute(Command.GET, {"url": url})
    ~~~~~~~~~~~~^^^^^^^^^^^^^^^^^^^^^^^^^^^
  File "d:\VS Code\LinkedIn Scrapper\.venv\Lib\site-packages\selenium\webdriver\remote\webdriver.py", line 447, in execute
    self.error_handler.check_response(response)
    ~~~~~~~~~~~~~~~~~~~~~~~~~~~~~~~~~^^^^^^^^^^
  File "d:\VS Code\LinkedIn Scrapper\.venv\Lib\site-packages\selenium\webdriver\remote\errorhandler.py", line 232, in check_response
    raise exception_class(message, screen, stacktrace)
selenium.common.exceptions.InvalidArgumentException: Message: invalid argument
  (Session info: chrome=137.0.7151.104)
Stacktrace:
	GetHandleVerifier [0x0x7ff64ad2fe75+79173]
	GetHandleVerifier [0x0x7ff64ad2fed0+79264]
	(No symbol) [0x0x7ff64aae9c8c]
	(No symbol) [0x0x7ff64aad6998]
	(No symbol) [0x0x7ff64aad4d50]
	(No symbol) [0x0x7ff64aad541c]
	(No symbol) [0x0x7ff64aaede0a]
	(No symbol) [0x0x7ff64ab91dfe]
	(No symbol) [0x0x7ff64ab6896a]
	(No symbol) [0x0x7ff64ab9100d]
	(No symbol) [0x0x7ff64ab68743]
	(No symbol) [0x0x7ff64ab314c1]
	(No symbol) [0x0x7ff64ab32253]
	GetHandleVerifier [0x0x7ff64affa2ad+3004797]
	GetHandleVerifier [0x0x7ff64aff46fd+2981325]
	GetHandleVerifier [0x0x7ff64b013350+3107360]
	GetHandleVerifier [0x0x7ff64ad4a9fe+188622]
	GetHandleVerifier [0x0x7ff64ad5228f+219487]
	GetHandleVerifier [0x0x7ff64ad38dc4+115860]
	GetHandleVerifier [0x0x7ff64ad38f79+116297]
	GetHandleVerifier [0x0x7ff64ad1f528+11256]
	BaseThreadInitThunk [0x0x7ffdcbb37374+20]
	RtlUserThreadStart [0x0x7ffdcc59cc91+33]

2025-06-16 15:45:18,110 [INFO] Appending 2 profiles to Excel.
2025-06-16 15:45:18,259 [INFO] Scraping page 5: https://www.linkedin.com/search/results/people/?keywords=hr%20recruiters%20of%20it%20companies&origin=CLUSTER_EXPANSION&sid=KwH&page=5
2025-06-16 15:45:28,259 [INFO] Processing profile: Keila Rada | Colombia | https://www.linkedin.com/in/keilaradaaltamiranda?miniProfileUrn=urn%3Ali%3Afs_miniProfile%3AACoAADnOItABsCD7FGswO6ASRapbbSBE_FCJUVA
2025-06-16 15:45:47,320 [INFO] Visiting contact info page.
2025-06-16 15:46:04,806 [INFO] Adding new profile with email: maria@mismo.team
2025-06-16 15:46:04,809 [INFO] Processing profile: Alka Agrawal Jain | Delhi | https://www.linkedin.com/in/alka-agrawal-jain-a6bba54b?miniProfileUrn=urn%3Ali%3Afs_miniProfile%3AACoAAAqtRbMBkUpl7DwPNT2cErLLfVsZkA3FmEk
2025-06-16 15:46:23,430 [INFO] Visiting contact info page.
2025-06-16 15:46:43,682 [INFO] No email found for Alka Agrawal Jain, skipping.
2025-06-16 15:46:43,684 [INFO] Processing profile: Nandini Jani | Ahmedabad | https://www.linkedin.com/in/nandini-jani?miniProfileUrn=urn%3Ali%3Afs_miniProfile%3AACoAADFxjjEBE_pXa4TIawN454uuVrKm5mOoibY
2025-06-16 15:47:05,752 [INFO] Visiting contact info page.
2025-06-16 15:47:28,434 [INFO] Adding new profile with email: nandini.jani@nineztech.com
2025-06-16 15:47:28,439 [INFO] Processing profile: Madina Ospanova | Almaty | https://www.linkedin.com/in/madina-ospanova-b82b6b1ab?miniProfileUrn=urn%3Ali%3Afs_miniProfile%3AACoAADEdqtIB8DEgjUp_K--g98W_G0Tpyeu9tmE
2025-06-16 15:47:48,843 [INFO] Visiting contact info page.
2025-06-16 15:48:10,085 [INFO] No email found for Madina Ospanova, skipping.
2025-06-16 15:48:10,088 [INFO] Processing profile: Ana Mindiashvili | Tbilisi | https://www.linkedin.com/in/ana-mindiashvili-76b382280?miniProfileUrn=urn%3Ali%3Afs_miniProfile%3AACoAAERl_cMBQaf5cCCBoI8aNNZl--5v3-IdqWw
2025-06-16 15:48:30,049 [INFO] Visiting contact info page.
2025-06-16 15:48:49,896 [INFO] No email found for Ana Mindiashvili, skipping.
2025-06-16 15:49:12,681 [INFO] Visiting contact info page.
2025-06-16 15:49:35,431 [INFO] Adding new profile with email: omaransari.edu@gmail.com
2025-06-16 15:49:53,209 [INFO] Visiting contact info page.
2025-06-16 15:50:10,145 [INFO] Processing profile: Gulfam Head Hunter | Lahore | https://www.linkedin.com/in/gulfam-head-hunter-123252285?miniProfileUrn=urn%3Ali%3Afs_miniProfile%3AACoAAEVFCysBBcDlDjeZEEUKrhjS3jaXT4hzKw8
2025-06-16 15:50:25,544 [INFO] Visiting contact info page.
2025-06-16 15:50:40,874 [INFO] No email found for Gulfam Head Hunter, skipping.
2025-06-16 15:50:40,876 [INFO] Processing profile: Bhoopendra Singh | Noida | https://www.linkedin.com/in/bhoopendra-singh-1826b01b5?miniProfileUrn=urn%3Ali%3Afs_miniProfile%3AACoAADIdU_IB9UBdxKTf1M88hC-u-BvXEqynQBM
2025-06-16 15:50:58,446 [INFO] Visiting contact info page.
2025-06-16 15:51:19,128 [INFO] No email found for Bhoopendra Singh, skipping.
2025-06-16 15:51:19,132 [INFO] Processing profile: Ruchika Agarwal | Raurkela | https://www.linkedin.com/in/ruchika-agarwal-a966b7228?miniProfileUrn=urn%3Ali%3Afs_miniProfile%3AACoAADkOeFIBisN3PqFZE5zkNzAXrWH5fUFfRts
2025-06-16 15:51:38,140 [INFO] Visiting contact info page.
2025-06-16 15:51:58,300 [INFO] No email found for Ruchika Agarwal, skipping.
2025-06-16 15:51:58,301 [INFO] Appending 3 profiles to Excel.
2025-06-16 15:51:58,542 [INFO] Scraping page 6: https://www.linkedin.com/search/results/people/?keywords=hr%20recruiters%20of%20it%20companies&origin=CLUSTER_EXPANSION&sid=KwH&page=6
2025-06-16 15:52:11,707 [INFO] Processing profile: Parwati Soni | Jaipur | https://www.linkedin.com/in/parwati-soni-0a0763213?miniProfileUrn=urn%3Ali%3Afs_miniProfile%3AACoAADYJ_rgBuiSjIVGgA7Jax4JaFAlpREWgdVg
2025-06-16 15:52:29,601 [INFO] Visiting contact info page.
2025-06-16 15:52:46,003 [INFO] Adding new profile with email: gorisoni433@gmail.com
2025-06-16 15:53:08,178 [INFO] Visiting contact info page.
2025-06-16 15:53:29,108 [INFO] Processing profile: Akash Raj | Lucknow | https://www.linkedin.com/in/akash-raj-116a33252?miniProfileUrn=urn%3Ali%3Afs_miniProfile%3AACoAAD5x3-IBJP0a5u6Y0vHYNAr8F-J1Lq9I7AA
2025-06-16 15:53:52,322 [INFO] Visiting contact info page.
2025-06-16 15:54:13,667 [INFO] No email found for Akash Raj, skipping.
2025-06-16 15:54:13,670 [INFO] Processing profile: palak chouksey | Jabalpur | https://www.linkedin.com/in/palak-chouksey-941336244?miniProfileUrn=urn%3Ali%3Afs_miniProfile%3AACoAADyPxMEBQY1FHMNjGYGNKIIXjuQc9rC11sE
2025-06-16 15:54:31,004 [INFO] Visiting contact info page.
2025-06-16 15:54:48,343 [INFO] Adding new profile with email: palak.chouskey@knackconsulting.com
2025-06-16 15:54:48,346 [INFO] Processing profile: Saloni Jage | Thane | https://www.linkedin.com/in/salonijage?miniProfileUrn=urn%3Ali%3Afs_miniProfile%3AACoAADiXQd8BWho-KNT12OMasqS2_-6DBcAcAkI
2025-06-16 15:55:08,923 [INFO] Visiting contact info page.
2025-06-16 15:55:26,702 [INFO] Adding new profile with email: siddhipriya.n@branchx.in
2025-06-16 15:55:26,704 [INFO] Processing profile:  | Tembisa | 
2025-06-16 15:55:26,714 [ERROR] Error processing profile: Message: invalid argument
  (Session info: chrome=137.0.7151.104)
Stacktrace:
	GetHandleVerifier [0x0x7ff64ad2fe75+79173]
	GetHandleVerifier [0x0x7ff64ad2fed0+79264]
	(No symbol) [0x0x7ff64aae9c8c]
	(No symbol) [0x0x7ff64aad6998]
	(No symbol) [0x0x7ff64aad4d50]
	(No symbol) [0x0x7ff64aad541c]
	(No symbol) [0x0x7ff64aaede0a]
	(No symbol) [0x0x7ff64ab91dfe]
	(No symbol) [0x0x7ff64ab6896a]
	(No symbol) [0x0x7ff64ab9100d]
	(No symbol) [0x0x7ff64ab68743]
	(No symbol) [0x0x7ff64ab314c1]
	(No symbol) [0x0x7ff64ab32253]
	GetHandleVerifier [0x0x7ff64affa2ad+3004797]
	GetHandleVerifier [0x0x7ff64aff46fd+2981325]
	GetHandleVerifier [0x0x7ff64b013350+3107360]
	GetHandleVerifier [0x0x7ff64ad4a9fe+188622]
	GetHandleVerifier [0x0x7ff64ad5228f+219487]
	GetHandleVerifier [0x0x7ff64ad38dc4+115860]
	GetHandleVerifier [0x0x7ff64ad38f79+116297]
	GetHandleVerifier [0x0x7ff64ad1f528+11256]
	BaseThreadInitThunk [0x0x7ffdcbb37374+20]
	RtlUserThreadStart [0x0x7ffdcc59cc91+33]
Traceback (most recent call last):
  File "D:\VS Code\LinkedIn Scrapper\main2.py", line 135, in scrape_profiles
    driver.get(profile_url)
    ~~~~~~~~~~^^^^^^^^^^^^^
  File "d:\VS Code\LinkedIn Scrapper\.venv\Lib\site-packages\selenium\webdriver\remote\webdriver.py", line 472, in get
    self.execute(Command.GET, {"url": url})
    ~~~~~~~~~~~~^^^^^^^^^^^^^^^^^^^^^^^^^^^
  File "d:\VS Code\LinkedIn Scrapper\.venv\Lib\site-packages\selenium\webdriver\remote\webdriver.py", line 447, in execute
    self.error_handler.check_response(response)
    ~~~~~~~~~~~~~~~~~~~~~~~~~~~~~~~~~^^^^^^^^^^
  File "d:\VS Code\LinkedIn Scrapper\.venv\Lib\site-packages\selenium\webdriver\remote\errorhandler.py", line 232, in check_response
    raise exception_class(message, screen, stacktrace)
selenium.common.exceptions.InvalidArgumentException: Message: invalid argument
  (Session info: chrome=137.0.7151.104)
Stacktrace:
	GetHandleVerifier [0x0x7ff64ad2fe75+79173]
	GetHandleVerifier [0x0x7ff64ad2fed0+79264]
	(No symbol) [0x0x7ff64aae9c8c]
	(No symbol) [0x0x7ff64aad6998]
	(No symbol) [0x0x7ff64aad4d50]
	(No symbol) [0x0x7ff64aad541c]
	(No symbol) [0x0x7ff64aaede0a]
	(No symbol) [0x0x7ff64ab91dfe]
	(No symbol) [0x0x7ff64ab6896a]
	(No symbol) [0x0x7ff64ab9100d]
	(No symbol) [0x0x7ff64ab68743]
	(No symbol) [0x0x7ff64ab314c1]
	(No symbol) [0x0x7ff64ab32253]
	GetHandleVerifier [0x0x7ff64affa2ad+3004797]
	GetHandleVerifier [0x0x7ff64aff46fd+2981325]
	GetHandleVerifier [0x0x7ff64b013350+3107360]
	GetHandleVerifier [0x0x7ff64ad4a9fe+188622]
	GetHandleVerifier [0x0x7ff64ad5228f+219487]
	GetHandleVerifier [0x0x7ff64ad38dc4+115860]
	GetHandleVerifier [0x0x7ff64ad38f79+116297]
	GetHandleVerifier [0x0x7ff64ad1f528+11256]
	BaseThreadInitThunk [0x0x7ffdcbb37374+20]
	RtlUserThreadStart [0x0x7ffdcc59cc91+33]

2025-06-16 15:55:26,737 [INFO] Processing profile: Jyotsna josh | Hyderabad | https://www.linkedin.com/in/jyotsna-josh-2500124a?miniProfileUrn=urn%3Ali%3Afs_miniProfile%3AACoAAApS_9wBkjZomeFl3ib18oyDyNhE8aR2KBA
2025-06-16 15:55:46,116 [INFO] Visiting contact info page.
2025-06-16 15:56:06,255 [INFO] No email found for Jyotsna josh, skipping.
2025-06-16 15:56:06,257 [INFO] Processing profile: Vishwa Bhadaniya | Ahmedabad | https://www.linkedin.com/in/vishwa-bhadaniya-0b968b176?miniProfileUrn=urn%3Ali%3Afs_miniProfile%3AACoAACm_Os0BikkD3PDcrDGsGjCaw3w9poZmzXI
2025-06-16 15:56:27,415 [INFO] Visiting contact info page.
2025-06-16 15:56:49,280 [INFO] Adding new profile with email: chand.bhadaniya@rambirtech.com
2025-06-16 15:56:49,282 [INFO] Processing profile: Uday Kumar .B | Hyderabad | https://www.linkedin.com/in/bariganuru-uday-kumar?miniProfileUrn=urn%3Ali%3Afs_miniProfile%3AACoAAExEhnEBlUL513rLciF0pWRPspROWeh62Ec
2025-06-16 15:57:10,203 [INFO] Visiting contact info page.
2025-06-16 15:57:34,098 [INFO] Adding new profile with email: uday.b@avanceservices.com
2025-06-16 15:57:34,103 [INFO] Processing profile: Anbarasi P | Tiruppur | https://www.linkedin.com/in/anbarasi-p-727726245?miniProfileUrn=urn%3Ali%3Afs_miniProfile%3AACoAADzMMo8BMGjkLkAt5RTOzByc4b-o95M46Wo
2025-06-16 15:57:55,406 [INFO] Visiting contact info page.
2025-06-16 15:58:15,672 [INFO] Adding new profile with email: anbu@dprsolutionsinc.com
2025-06-16 15:58:15,673 [INFO] Appending 6 profiles to Excel.
2025-06-16 15:58:15,938 [INFO] Scraping page 7: https://www.linkedin.com/search/results/people/?keywords=hr%20recruiters%20of%20it%20companies&origin=CLUSTER_EXPANSION&sid=KwH&page=7
2025-06-16 15:58:34,971 [INFO] Processing profile: karthik V | Bengaluru | https://www.linkedin.com/in/karthikhrexecutive?miniProfileUrn=urn%3Ali%3Afs_miniProfile%3AACoAAAf6wXYB32PzAGqolrEc7a8Yi5AR22empdo
2025-06-16 15:58:57,223 [INFO] Visiting contact info page.
2025-06-16 15:59:18,881 [INFO] Adding new profile with email: v.karthik@accenture.com
2025-06-16 15:59:18,884 [INFO] Processing profile: Shubha K | Bengaluru | https://www.linkedin.com/in/shubha-k-824a4a287?miniProfileUrn=urn%3Ali%3Afs_miniProfile%3AACoAAEW-dBwBUIfo2JbZvdxWz7eyykBuul_qCto
2025-06-16 15:59:39,249 [INFO] Visiting contact info page.
2025-06-16 16:00:01,984 [INFO] Adding new profile with email: shubha.kempe@careernet.in
2025-06-16 16:00:01,986 [INFO] Processing profile: Deepshikha Gupta | Ghaziabad | https://www.linkedin.com/in/deepshikha-gupta-89a503214?miniProfileUrn=urn%3Ali%3Afs_miniProfile%3AACoAADYuFTYBi_RB4r8c7zrpqDiswhe5B5GyuLs
2025-06-16 16:00:21,091 [INFO] Visiting contact info page.
2025-06-16 16:00:43,793 [INFO] Adding new profile with email: deepshikha@satyoptimum.com
2025-06-16 16:00:43,796 [INFO] Processing profile: Rohit Kumar Singh | Noida | https://www.linkedin.com/in/rohit-kumar-singh-11403a242?miniProfileUrn=urn%3Ali%3Afs_miniProfile%3AACoAADwpVyABfLT6mp2703OjSTdC0aF5KFkj9RM
2025-06-16 16:01:02,282 [INFO] Visiting contact info page.
2025-06-16 16:01:22,906 [INFO] Adding new profile with email: rohit.kumar@huntingcube.com
2025-06-16 16:01:22,908 [INFO] Processing profile:  | Hyderabad | 
2025-06-16 16:01:22,920 [ERROR] Error processing profile: Message: invalid argument
  (Session info: chrome=137.0.7151.104)
Stacktrace:
	GetHandleVerifier [0x0x7ff64ad2fe75+79173]
	GetHandleVerifier [0x0x7ff64ad2fed0+79264]
	(No symbol) [0x0x7ff64aae9c8c]
	(No symbol) [0x0x7ff64aad6998]
	(No symbol) [0x0x7ff64aad4d50]
	(No symbol) [0x0x7ff64aad541c]
	(No symbol) [0x0x7ff64aaede0a]
	(No symbol) [0x0x7ff64ab91dfe]
	(No symbol) [0x0x7ff64ab6896a]
	(No symbol) [0x0x7ff64ab9100d]
	(No symbol) [0x0x7ff64ab68743]
	(No symbol) [0x0x7ff64ab314c1]
	(No symbol) [0x0x7ff64ab32253]
	GetHandleVerifier [0x0x7ff64affa2ad+3004797]
	GetHandleVerifier [0x0x7ff64aff46fd+2981325]
	GetHandleVerifier [0x0x7ff64b013350+3107360]
	GetHandleVerifier [0x0x7ff64ad4a9fe+188622]
	GetHandleVerifier [0x0x7ff64ad5228f+219487]
	GetHandleVerifier [0x0x7ff64ad38dc4+115860]
	GetHandleVerifier [0x0x7ff64ad38f79+116297]
	GetHandleVerifier [0x0x7ff64ad1f528+11256]
	BaseThreadInitThunk [0x0x7ffdcbb37374+20]
	RtlUserThreadStart [0x0x7ffdcc59cc91+33]
Traceback (most recent call last):
  File "D:\VS Code\LinkedIn Scrapper\main2.py", line 135, in scrape_profiles
    driver.get(profile_url)
    ~~~~~~~~~~^^^^^^^^^^^^^
  File "d:\VS Code\LinkedIn Scrapper\.venv\Lib\site-packages\selenium\webdriver\remote\webdriver.py", line 472, in get
    self.execute(Command.GET, {"url": url})
    ~~~~~~~~~~~~^^^^^^^^^^^^^^^^^^^^^^^^^^^
  File "d:\VS Code\LinkedIn Scrapper\.venv\Lib\site-packages\selenium\webdriver\remote\webdriver.py", line 447, in execute
    self.error_handler.check_response(response)
    ~~~~~~~~~~~~~~~~~~~~~~~~~~~~~~~~~^^^^^^^^^^
  File "d:\VS Code\LinkedIn Scrapper\.venv\Lib\site-packages\selenium\webdriver\remote\errorhandler.py", line 232, in check_response
    raise exception_class(message, screen, stacktrace)
selenium.common.exceptions.InvalidArgumentException: Message: invalid argument
  (Session info: chrome=137.0.7151.104)
Stacktrace:
	GetHandleVerifier [0x0x7ff64ad2fe75+79173]
	GetHandleVerifier [0x0x7ff64ad2fed0+79264]
	(No symbol) [0x0x7ff64aae9c8c]
	(No symbol) [0x0x7ff64aad6998]
	(No symbol) [0x0x7ff64aad4d50]
	(No symbol) [0x0x7ff64aad541c]
	(No symbol) [0x0x7ff64aaede0a]
	(No symbol) [0x0x7ff64ab91dfe]
	(No symbol) [0x0x7ff64ab6896a]
	(No symbol) [0x0x7ff64ab9100d]
	(No symbol) [0x0x7ff64ab68743]
	(No symbol) [0x0x7ff64ab314c1]
	(No symbol) [0x0x7ff64ab32253]
	GetHandleVerifier [0x0x7ff64affa2ad+3004797]
	GetHandleVerifier [0x0x7ff64aff46fd+2981325]
	GetHandleVerifier [0x0x7ff64b013350+3107360]
	GetHandleVerifier [0x0x7ff64ad4a9fe+188622]
	GetHandleVerifier [0x0x7ff64ad5228f+219487]
	GetHandleVerifier [0x0x7ff64ad38dc4+115860]
	GetHandleVerifier [0x0x7ff64ad38f79+116297]
	GetHandleVerifier [0x0x7ff64ad1f528+11256]
	BaseThreadInitThunk [0x0x7ffdcbb37374+20]
	RtlUserThreadStart [0x0x7ffdcc59cc91+33]

2025-06-16 16:01:22,952 [INFO] Processing profile: Rakhi Jha | New Delhi | https://www.linkedin.com/in/rakhi-jha-803760214?miniProfileUrn=urn%3Ali%3Afs_miniProfile%3AACoAADY3foMBGkDDMop5TFeN50UoSaKQE_5M1KQ
2025-06-16 16:01:45,491 [INFO] Visiting contact info page.
2025-06-16 16:02:05,964 [INFO] No email found for Rakhi Jha, skipping.
2025-06-16 16:02:05,966 [INFO] Processing profile: Naveen D. | Hyderabad | https://www.linkedin.com/in/naveen-d-9472498a?miniProfileUrn=urn%3Ali%3Afs_miniProfile%3AACoAABLmvgcBX3mQhGX3k_YjbpLrWf7GMWHhnKA
2025-06-16 16:02:23,202 [INFO] Visiting contact info page.
2025-06-16 16:02:40,870 [INFO] Adding new profile with email: kevin.p@techgene.com
2025-06-16 16:02:40,872 [INFO] Processing profile: Vasyl Kudla | Chicago, IL | https://www.linkedin.com/in/vasyl-kudla-314500198?miniProfileUrn=urn%3Ali%3Afs_miniProfile%3AACoAAC5ZPcABMJ5PdLiHbOCI-nLOEhGL8SZe0GY
2025-06-16 16:03:02,787 [INFO] Visiting contact info page.
2025-06-16 16:03:28,164 [INFO] No email found for Vasyl Kudla, skipping.
2025-06-16 16:03:28,167 [INFO] Processing profile: Sai Krishna | Bengaluru | https://www.linkedin.com/in/sai-krishna-2a417619a?miniProfileUrn=urn%3Ali%3Afs_miniProfile%3AACoAAC6njRwBDHE-QLPiPSFIwinztl3iT2fPXLs
2025-06-16 16:03:51,629 [INFO] Visiting contact info page.
2025-06-16 16:04:15,059 [INFO] No email found for Sai Krishna, skipping.
2025-06-16 16:04:15,061 [INFO] Processing profile:  | Guwahati | 
2025-06-16 16:04:15,070 [ERROR] Error processing profile: Message: invalid argument
  (Session info: chrome=137.0.7151.104)
Stacktrace:
	GetHandleVerifier [0x0x7ff64ad2fe75+79173]
	GetHandleVerifier [0x0x7ff64ad2fed0+79264]
	(No symbol) [0x0x7ff64aae9c8c]
	(No symbol) [0x0x7ff64aad6998]
	(No symbol) [0x0x7ff64aad4d50]
	(No symbol) [0x0x7ff64aad541c]
	(No symbol) [0x0x7ff64aaede0a]
	(No symbol) [0x0x7ff64ab91dfe]
	(No symbol) [0x0x7ff64ab6896a]
	(No symbol) [0x0x7ff64ab9100d]
	(No symbol) [0x0x7ff64ab68743]
	(No symbol) [0x0x7ff64ab314c1]
	(No symbol) [0x0x7ff64ab32253]
	GetHandleVerifier [0x0x7ff64affa2ad+3004797]
	GetHandleVerifier [0x0x7ff64aff46fd+2981325]
	GetHandleVerifier [0x0x7ff64b013350+3107360]
	GetHandleVerifier [0x0x7ff64ad4a9fe+188622]
	GetHandleVerifier [0x0x7ff64ad5228f+219487]
	GetHandleVerifier [0x0x7ff64ad38dc4+115860]
	GetHandleVerifier [0x0x7ff64ad38f79+116297]
	GetHandleVerifier [0x0x7ff64ad1f528+11256]
	BaseThreadInitThunk [0x0x7ffdcbb37374+20]
	RtlUserThreadStart [0x0x7ffdcc59cc91+33]
Traceback (most recent call last):
  File "D:\VS Code\LinkedIn Scrapper\main2.py", line 135, in scrape_profiles
    driver.get(profile_url)
    ~~~~~~~~~~^^^^^^^^^^^^^
  File "d:\VS Code\LinkedIn Scrapper\.venv\Lib\site-packages\selenium\webdriver\remote\webdriver.py", line 472, in get
    self.execute(Command.GET, {"url": url})
    ~~~~~~~~~~~~^^^^^^^^^^^^^^^^^^^^^^^^^^^
  File "d:\VS Code\LinkedIn Scrapper\.venv\Lib\site-packages\selenium\webdriver\remote\webdriver.py", line 447, in execute
    self.error_handler.check_response(response)
    ~~~~~~~~~~~~~~~~~~~~~~~~~~~~~~~~~^^^^^^^^^^
  File "d:\VS Code\LinkedIn Scrapper\.venv\Lib\site-packages\selenium\webdriver\remote\errorhandler.py", line 232, in check_response
    raise exception_class(message, screen, stacktrace)
selenium.common.exceptions.InvalidArgumentException: Message: invalid argument
  (Session info: chrome=137.0.7151.104)
Stacktrace:
	GetHandleVerifier [0x0x7ff64ad2fe75+79173]
	GetHandleVerifier [0x0x7ff64ad2fed0+79264]
	(No symbol) [0x0x7ff64aae9c8c]
	(No symbol) [0x0x7ff64aad6998]
	(No symbol) [0x0x7ff64aad4d50]
	(No symbol) [0x0x7ff64aad541c]
	(No symbol) [0x0x7ff64aaede0a]
	(No symbol) [0x0x7ff64ab91dfe]
	(No symbol) [0x0x7ff64ab6896a]
	(No symbol) [0x0x7ff64ab9100d]
	(No symbol) [0x0x7ff64ab68743]
	(No symbol) [0x0x7ff64ab314c1]
	(No symbol) [0x0x7ff64ab32253]
	GetHandleVerifier [0x0x7ff64affa2ad+3004797]
	GetHandleVerifier [0x0x7ff64aff46fd+2981325]
	GetHandleVerifier [0x0x7ff64b013350+3107360]
	GetHandleVerifier [0x0x7ff64ad4a9fe+188622]
	GetHandleVerifier [0x0x7ff64ad5228f+219487]
	GetHandleVerifier [0x0x7ff64ad38dc4+115860]
	GetHandleVerifier [0x0x7ff64ad38f79+116297]
	GetHandleVerifier [0x0x7ff64ad1f528+11256]
	BaseThreadInitThunk [0x0x7ffdcbb37374+20]
	RtlUserThreadStart [0x0x7ffdcc59cc91+33]

2025-06-16 16:04:15,098 [INFO] Appending 5 profiles to Excel.
2025-06-16 16:04:15,260 [INFO] Scraping page 8: https://www.linkedin.com/search/results/people/?keywords=hr%20recruiters%20of%20it%20companies&origin=CLUSTER_EXPANSION&sid=KwH&page=8
2025-06-16 16:04:25,700 [INFO] Processing profile:  | Delhi, India | 
2025-06-16 16:04:25,755 [ERROR] Error processing profile: Message: invalid argument
  (Session info: chrome=137.0.7151.104)
Stacktrace:
	GetHandleVerifier [0x0x7ff64ad2fe75+79173]
	GetHandleVerifier [0x0x7ff64ad2fed0+79264]
	(No symbol) [0x0x7ff64aae9c8c]
	(No symbol) [0x0x7ff64aad6998]
	(No symbol) [0x0x7ff64aad4d50]
	(No symbol) [0x0x7ff64aad541c]
	(No symbol) [0x0x7ff64aaede0a]
	(No symbol) [0x0x7ff64ab91dfe]
	(No symbol) [0x0x7ff64ab6896a]
	(No symbol) [0x0x7ff64ab9100d]
	(No symbol) [0x0x7ff64ab68743]
	(No symbol) [0x0x7ff64ab314c1]
	(No symbol) [0x0x7ff64ab32253]
	GetHandleVerifier [0x0x7ff64affa2ad+3004797]
	GetHandleVerifier [0x0x7ff64aff46fd+2981325]
	GetHandleVerifier [0x0x7ff64b013350+3107360]
	GetHandleVerifier [0x0x7ff64ad4a9fe+188622]
	GetHandleVerifier [0x0x7ff64ad5228f+219487]
	GetHandleVerifier [0x0x7ff64ad38dc4+115860]
	GetHandleVerifier [0x0x7ff64ad38f79+116297]
	GetHandleVerifier [0x0x7ff64ad1f528+11256]
	BaseThreadInitThunk [0x0x7ffdcbb37374+20]
	RtlUserThreadStart [0x0x7ffdcc59cc91+33]
Traceback (most recent call last):
  File "D:\VS Code\LinkedIn Scrapper\main2.py", line 135, in scrape_profiles
    driver.get(profile_url)
    ~~~~~~~~~~^^^^^^^^^^^^^
  File "d:\VS Code\LinkedIn Scrapper\.venv\Lib\site-packages\selenium\webdriver\remote\webdriver.py", line 472, in get
    self.execute(Command.GET, {"url": url})
    ~~~~~~~~~~~~^^^^^^^^^^^^^^^^^^^^^^^^^^^
  File "d:\VS Code\LinkedIn Scrapper\.venv\Lib\site-packages\selenium\webdriver\remote\webdriver.py", line 447, in execute
    self.error_handler.check_response(response)
    ~~~~~~~~~~~~~~~~~~~~~~~~~~~~~~~~~^^^^^^^^^^
  File "d:\VS Code\LinkedIn Scrapper\.venv\Lib\site-packages\selenium\webdriver\remote\errorhandler.py", line 232, in check_response
    raise exception_class(message, screen, stacktrace)
selenium.common.exceptions.InvalidArgumentException: Message: invalid argument
  (Session info: chrome=137.0.7151.104)
Stacktrace:
	GetHandleVerifier [0x0x7ff64ad2fe75+79173]
	GetHandleVerifier [0x0x7ff64ad2fed0+79264]
	(No symbol) [0x0x7ff64aae9c8c]
	(No symbol) [0x0x7ff64aad6998]
	(No symbol) [0x0x7ff64aad4d50]
	(No symbol) [0x0x7ff64aad541c]
	(No symbol) [0x0x7ff64aaede0a]
	(No symbol) [0x0x7ff64ab91dfe]
	(No symbol) [0x0x7ff64ab6896a]
	(No symbol) [0x0x7ff64ab9100d]
	(No symbol) [0x0x7ff64ab68743]
	(No symbol) [0x0x7ff64ab314c1]
	(No symbol) [0x0x7ff64ab32253]
	GetHandleVerifier [0x0x7ff64affa2ad+3004797]
	GetHandleVerifier [0x0x7ff64aff46fd+2981325]
	GetHandleVerifier [0x0x7ff64b013350+3107360]
	GetHandleVerifier [0x0x7ff64ad4a9fe+188622]
	GetHandleVerifier [0x0x7ff64ad5228f+219487]
	GetHandleVerifier [0x0x7ff64ad38dc4+115860]
	GetHandleVerifier [0x0x7ff64ad38f79+116297]
	GetHandleVerifier [0x0x7ff64ad1f528+11256]
	BaseThreadInitThunk [0x0x7ffdcbb37374+20]
	RtlUserThreadStart [0x0x7ffdcc59cc91+33]

2025-06-16 16:04:25,777 [INFO] Processing profile:  | Pune | 
2025-06-16 16:04:25,838 [ERROR] Error processing profile: Message: invalid argument
  (Session info: chrome=137.0.7151.104)
Stacktrace:
	GetHandleVerifier [0x0x7ff64ad2fe75+79173]
	GetHandleVerifier [0x0x7ff64ad2fed0+79264]
	(No symbol) [0x0x7ff64aae9c8c]
	(No symbol) [0x0x7ff64aad6998]
	(No symbol) [0x0x7ff64aad4d50]
	(No symbol) [0x0x7ff64aad541c]
	(No symbol) [0x0x7ff64aaede0a]
	(No symbol) [0x0x7ff64ab91dfe]
	(No symbol) [0x0x7ff64ab6896a]
	(No symbol) [0x0x7ff64ab9100d]
	(No symbol) [0x0x7ff64ab68743]
	(No symbol) [0x0x7ff64ab314c1]
	(No symbol) [0x0x7ff64ab32253]
	GetHandleVerifier [0x0x7ff64affa2ad+3004797]
	GetHandleVerifier [0x0x7ff64aff46fd+2981325]
	GetHandleVerifier [0x0x7ff64b013350+3107360]
	GetHandleVerifier [0x0x7ff64ad4a9fe+188622]
	GetHandleVerifier [0x0x7ff64ad5228f+219487]
	GetHandleVerifier [0x0x7ff64ad38dc4+115860]
	GetHandleVerifier [0x0x7ff64ad38f79+116297]
	GetHandleVerifier [0x0x7ff64ad1f528+11256]
	BaseThreadInitThunk [0x0x7ffdcbb37374+20]
	RtlUserThreadStart [0x0x7ffdcc59cc91+33]
Traceback (most recent call last):
  File "D:\VS Code\LinkedIn Scrapper\main2.py", line 135, in scrape_profiles
    driver.get(profile_url)
    ~~~~~~~~~~^^^^^^^^^^^^^
  File "d:\VS Code\LinkedIn Scrapper\.venv\Lib\site-packages\selenium\webdriver\remote\webdriver.py", line 472, in get
    self.execute(Command.GET, {"url": url})
    ~~~~~~~~~~~~^^^^^^^^^^^^^^^^^^^^^^^^^^^
  File "d:\VS Code\LinkedIn Scrapper\.venv\Lib\site-packages\selenium\webdriver\remote\webdriver.py", line 447, in execute
    self.error_handler.check_response(response)
    ~~~~~~~~~~~~~~~~~~~~~~~~~~~~~~~~~^^^^^^^^^^
  File "d:\VS Code\LinkedIn Scrapper\.venv\Lib\site-packages\selenium\webdriver\remote\errorhandler.py", line 232, in check_response
    raise exception_class(message, screen, stacktrace)
selenium.common.exceptions.InvalidArgumentException: Message: invalid argument
  (Session info: chrome=137.0.7151.104)
Stacktrace:
	GetHandleVerifier [0x0x7ff64ad2fe75+79173]
	GetHandleVerifier [0x0x7ff64ad2fed0+79264]
	(No symbol) [0x0x7ff64aae9c8c]
	(No symbol) [0x0x7ff64aad6998]
	(No symbol) [0x0x7ff64aad4d50]
	(No symbol) [0x0x7ff64aad541c]
	(No symbol) [0x0x7ff64aaede0a]
	(No symbol) [0x0x7ff64ab91dfe]
	(No symbol) [0x0x7ff64ab6896a]
	(No symbol) [0x0x7ff64ab9100d]
	(No symbol) [0x0x7ff64ab68743]
	(No symbol) [0x0x7ff64ab314c1]
	(No symbol) [0x0x7ff64ab32253]
	GetHandleVerifier [0x0x7ff64affa2ad+3004797]
	GetHandleVerifier [0x0x7ff64aff46fd+2981325]
	GetHandleVerifier [0x0x7ff64b013350+3107360]
	GetHandleVerifier [0x0x7ff64ad4a9fe+188622]
	GetHandleVerifier [0x0x7ff64ad5228f+219487]
	GetHandleVerifier [0x0x7ff64ad38dc4+115860]
	GetHandleVerifier [0x0x7ff64ad38f79+116297]
	GetHandleVerifier [0x0x7ff64ad1f528+11256]
	BaseThreadInitThunk [0x0x7ffdcbb37374+20]
	RtlUserThreadStart [0x0x7ffdcc59cc91+33]

2025-06-16 16:04:25,865 [INFO] Processing profile: Manisha Sancheti | Ahmedabad | https://www.linkedin.com/in/manisha-sancheti-356188146?miniProfileUrn=urn%3Ali%3Afs_miniProfile%3AACoAACND6_IBJDk-ISUlpQW1TmLqxzxmnu5HogI
2025-06-16 16:04:46,054 [INFO] Visiting contact info page.
2025-06-16 16:05:06,718 [INFO] Adding new profile with email: manisha18.san@gmail.com
2025-06-16 16:05:06,721 [INFO] Processing profile: Orin Kaniel | Tel Aviv-Yafo | https://www.linkedin.com/in/orin-kaniel?miniProfileUrn=urn%3Ali%3Afs_miniProfile%3AACoAADErVx8BdGTqW4IfUfyVgPOnGbC6vJnnwZ0
2025-06-16 16:05:32,463 [INFO] Visiting contact info page.
2025-06-16 16:05:54,747 [INFO] No email found for Orin Kaniel, skipping.
2025-06-16 16:05:54,750 [INFO] Processing profile:  | Bengaluru | 
2025-06-16 16:05:54,760 [ERROR] Error processing profile: Message: invalid argument
  (Session info: chrome=137.0.7151.104)
Stacktrace:
	GetHandleVerifier [0x0x7ff64ad2fe75+79173]
	GetHandleVerifier [0x0x7ff64ad2fed0+79264]
	(No symbol) [0x0x7ff64aae9c8c]
	(No symbol) [0x0x7ff64aad6998]
	(No symbol) [0x0x7ff64aad4d50]
	(No symbol) [0x0x7ff64aad541c]
	(No symbol) [0x0x7ff64aaede0a]
	(No symbol) [0x0x7ff64ab91dfe]
	(No symbol) [0x0x7ff64ab6896a]
	(No symbol) [0x0x7ff64ab9100d]
	(No symbol) [0x0x7ff64ab68743]
	(No symbol) [0x0x7ff64ab314c1]
	(No symbol) [0x0x7ff64ab32253]
	GetHandleVerifier [0x0x7ff64affa2ad+3004797]
	GetHandleVerifier [0x0x7ff64aff46fd+2981325]
	GetHandleVerifier [0x0x7ff64b013350+3107360]
	GetHandleVerifier [0x0x7ff64ad4a9fe+188622]
	GetHandleVerifier [0x0x7ff64ad5228f+219487]
	GetHandleVerifier [0x0x7ff64ad38dc4+115860]
	GetHandleVerifier [0x0x7ff64ad38f79+116297]
	GetHandleVerifier [0x0x7ff64ad1f528+11256]
	BaseThreadInitThunk [0x0x7ffdcbb37374+20]
	RtlUserThreadStart [0x0x7ffdcc59cc91+33]
Traceback (most recent call last):
  File "D:\VS Code\LinkedIn Scrapper\main2.py", line 135, in scrape_profiles
    driver.get(profile_url)
    ~~~~~~~~~~^^^^^^^^^^^^^
  File "d:\VS Code\LinkedIn Scrapper\.venv\Lib\site-packages\selenium\webdriver\remote\webdriver.py", line 472, in get
    self.execute(Command.GET, {"url": url})
    ~~~~~~~~~~~~^^^^^^^^^^^^^^^^^^^^^^^^^^^
  File "d:\VS Code\LinkedIn Scrapper\.venv\Lib\site-packages\selenium\webdriver\remote\webdriver.py", line 447, in execute
    self.error_handler.check_response(response)
    ~~~~~~~~~~~~~~~~~~~~~~~~~~~~~~~~~^^^^^^^^^^
  File "d:\VS Code\LinkedIn Scrapper\.venv\Lib\site-packages\selenium\webdriver\remote\errorhandler.py", line 232, in check_response
    raise exception_class(message, screen, stacktrace)
selenium.common.exceptions.InvalidArgumentException: Message: invalid argument
  (Session info: chrome=137.0.7151.104)
Stacktrace:
	GetHandleVerifier [0x0x7ff64ad2fe75+79173]
	GetHandleVerifier [0x0x7ff64ad2fed0+79264]
	(No symbol) [0x0x7ff64aae9c8c]
	(No symbol) [0x0x7ff64aad6998]
	(No symbol) [0x0x7ff64aad4d50]
	(No symbol) [0x0x7ff64aad541c]
	(No symbol) [0x0x7ff64aaede0a]
	(No symbol) [0x0x7ff64ab91dfe]
	(No symbol) [0x0x7ff64ab6896a]
	(No symbol) [0x0x7ff64ab9100d]
	(No symbol) [0x0x7ff64ab68743]
	(No symbol) [0x0x7ff64ab314c1]
	(No symbol) [0x0x7ff64ab32253]
	GetHandleVerifier [0x0x7ff64affa2ad+3004797]
	GetHandleVerifier [0x0x7ff64aff46fd+2981325]
	GetHandleVerifier [0x0x7ff64b013350+3107360]
	GetHandleVerifier [0x0x7ff64ad4a9fe+188622]
	GetHandleVerifier [0x0x7ff64ad5228f+219487]
	GetHandleVerifier [0x0x7ff64ad38dc4+115860]
	GetHandleVerifier [0x0x7ff64ad38f79+116297]
	GetHandleVerifier [0x0x7ff64ad1f528+11256]
	BaseThreadInitThunk [0x0x7ffdcbb37374+20]
	RtlUserThreadStart [0x0x7ffdcc59cc91+33]

2025-06-16 16:05:54,787 [INFO] Processing profile:  | Bangkok Metropolitan Area | 
2025-06-16 16:05:54,796 [ERROR] Error processing profile: Message: invalid argument
  (Session info: chrome=137.0.7151.104)
Stacktrace:
	GetHandleVerifier [0x0x7ff64ad2fe75+79173]
	GetHandleVerifier [0x0x7ff64ad2fed0+79264]
	(No symbol) [0x0x7ff64aae9c8c]
	(No symbol) [0x0x7ff64aad6998]
	(No symbol) [0x0x7ff64aad4d50]
	(No symbol) [0x0x7ff64aad541c]
	(No symbol) [0x0x7ff64aaede0a]
	(No symbol) [0x0x7ff64ab91dfe]
	(No symbol) [0x0x7ff64ab6896a]
	(No symbol) [0x0x7ff64ab9100d]
	(No symbol) [0x0x7ff64ab68743]
	(No symbol) [0x0x7ff64ab314c1]
	(No symbol) [0x0x7ff64ab32253]
	GetHandleVerifier [0x0x7ff64affa2ad+3004797]
	GetHandleVerifier [0x0x7ff64aff46fd+2981325]
	GetHandleVerifier [0x0x7ff64b013350+3107360]
	GetHandleVerifier [0x0x7ff64ad4a9fe+188622]
	GetHandleVerifier [0x0x7ff64ad5228f+219487]
	GetHandleVerifier [0x0x7ff64ad38dc4+115860]
	GetHandleVerifier [0x0x7ff64ad38f79+116297]
	GetHandleVerifier [0x0x7ff64ad1f528+11256]
	BaseThreadInitThunk [0x0x7ffdcbb37374+20]
	RtlUserThreadStart [0x0x7ffdcc59cc91+33]
Traceback (most recent call last):
  File "D:\VS Code\LinkedIn Scrapper\main2.py", line 135, in scrape_profiles
    driver.get(profile_url)
    ~~~~~~~~~~^^^^^^^^^^^^^
  File "d:\VS Code\LinkedIn Scrapper\.venv\Lib\site-packages\selenium\webdriver\remote\webdriver.py", line 472, in get
    self.execute(Command.GET, {"url": url})
    ~~~~~~~~~~~~^^^^^^^^^^^^^^^^^^^^^^^^^^^
  File "d:\VS Code\LinkedIn Scrapper\.venv\Lib\site-packages\selenium\webdriver\remote\webdriver.py", line 447, in execute
    self.error_handler.check_response(response)
    ~~~~~~~~~~~~~~~~~~~~~~~~~~~~~~~~~^^^^^^^^^^
  File "d:\VS Code\LinkedIn Scrapper\.venv\Lib\site-packages\selenium\webdriver\remote\errorhandler.py", line 232, in check_response
    raise exception_class(message, screen, stacktrace)
selenium.common.exceptions.InvalidArgumentException: Message: invalid argument
  (Session info: chrome=137.0.7151.104)
Stacktrace:
	GetHandleVerifier [0x0x7ff64ad2fe75+79173]
	GetHandleVerifier [0x0x7ff64ad2fed0+79264]
	(No symbol) [0x0x7ff64aae9c8c]
	(No symbol) [0x0x7ff64aad6998]
	(No symbol) [0x0x7ff64aad4d50]
	(No symbol) [0x0x7ff64aad541c]
	(No symbol) [0x0x7ff64aaede0a]
	(No symbol) [0x0x7ff64ab91dfe]
	(No symbol) [0x0x7ff64ab6896a]
	(No symbol) [0x0x7ff64ab9100d]
	(No symbol) [0x0x7ff64ab68743]
	(No symbol) [0x0x7ff64ab314c1]
	(No symbol) [0x0x7ff64ab32253]
	GetHandleVerifier [0x0x7ff64affa2ad+3004797]
	GetHandleVerifier [0x0x7ff64aff46fd+2981325]
	GetHandleVerifier [0x0x7ff64b013350+3107360]
	GetHandleVerifier [0x0x7ff64ad4a9fe+188622]
	GetHandleVerifier [0x0x7ff64ad5228f+219487]
	GetHandleVerifier [0x0x7ff64ad38dc4+115860]
	GetHandleVerifier [0x0x7ff64ad38f79+116297]
	GetHandleVerifier [0x0x7ff64ad1f528+11256]
	BaseThreadInitThunk [0x0x7ffdcbb37374+20]
	RtlUserThreadStart [0x0x7ffdcc59cc91+33]

2025-06-16 16:05:54,820 [INFO] Processing profile: Maiia Cherabai | Berlin | https://www.linkedin.com/in/maiiat?miniProfileUrn=urn%3Ali%3Afs_miniProfile%3AACoAAEu0Ha0BoQQX6i7XwJgYBIS-F5D_qxbDTFw
2025-06-16 16:06:17,837 [INFO] Visiting contact info page.
2025-06-16 16:06:37,864 [INFO] No email found for Maiia Cherabai, skipping.
2025-06-16 16:06:37,866 [INFO] Processing profile:  | Boulder, CO | 
2025-06-16 16:06:37,877 [ERROR] Error processing profile: Message: invalid argument
  (Session info: chrome=137.0.7151.104)
Stacktrace:
	GetHandleVerifier [0x0x7ff64ad2fe75+79173]
	GetHandleVerifier [0x0x7ff64ad2fed0+79264]
	(No symbol) [0x0x7ff64aae9c8c]
	(No symbol) [0x0x7ff64aad6998]
	(No symbol) [0x0x7ff64aad4d50]
	(No symbol) [0x0x7ff64aad541c]
	(No symbol) [0x0x7ff64aaede0a]
	(No symbol) [0x0x7ff64ab91dfe]
	(No symbol) [0x0x7ff64ab6896a]
	(No symbol) [0x0x7ff64ab9100d]
	(No symbol) [0x0x7ff64ab68743]
	(No symbol) [0x0x7ff64ab314c1]
	(No symbol) [0x0x7ff64ab32253]
	GetHandleVerifier [0x0x7ff64affa2ad+3004797]
	GetHandleVerifier [0x0x7ff64aff46fd+2981325]
	GetHandleVerifier [0x0x7ff64b013350+3107360]
	GetHandleVerifier [0x0x7ff64ad4a9fe+188622]
	GetHandleVerifier [0x0x7ff64ad5228f+219487]
	GetHandleVerifier [0x0x7ff64ad38dc4+115860]
	GetHandleVerifier [0x0x7ff64ad38f79+116297]
	GetHandleVerifier [0x0x7ff64ad1f528+11256]
	BaseThreadInitThunk [0x0x7ffdcbb37374+20]
	RtlUserThreadStart [0x0x7ffdcc59cc91+33]
Traceback (most recent call last):
  File "D:\VS Code\LinkedIn Scrapper\main2.py", line 135, in scrape_profiles
    driver.get(profile_url)
    ~~~~~~~~~~^^^^^^^^^^^^^
  File "d:\VS Code\LinkedIn Scrapper\.venv\Lib\site-packages\selenium\webdriver\remote\webdriver.py", line 472, in get
    self.execute(Command.GET, {"url": url})
    ~~~~~~~~~~~~^^^^^^^^^^^^^^^^^^^^^^^^^^^
  File "d:\VS Code\LinkedIn Scrapper\.venv\Lib\site-packages\selenium\webdriver\remote\webdriver.py", line 447, in execute
    self.error_handler.check_response(response)
    ~~~~~~~~~~~~~~~~~~~~~~~~~~~~~~~~~^^^^^^^^^^
  File "d:\VS Code\LinkedIn Scrapper\.venv\Lib\site-packages\selenium\webdriver\remote\errorhandler.py", line 232, in check_response
    raise exception_class(message, screen, stacktrace)
selenium.common.exceptions.InvalidArgumentException: Message: invalid argument
  (Session info: chrome=137.0.7151.104)
Stacktrace:
	GetHandleVerifier [0x0x7ff64ad2fe75+79173]
	GetHandleVerifier [0x0x7ff64ad2fed0+79264]
	(No symbol) [0x0x7ff64aae9c8c]
	(No symbol) [0x0x7ff64aad6998]
	(No symbol) [0x0x7ff64aad4d50]
	(No symbol) [0x0x7ff64aad541c]
	(No symbol) [0x0x7ff64aaede0a]
	(No symbol) [0x0x7ff64ab91dfe]
	(No symbol) [0x0x7ff64ab6896a]
	(No symbol) [0x0x7ff64ab9100d]
	(No symbol) [0x0x7ff64ab68743]
	(No symbol) [0x0x7ff64ab314c1]
	(No symbol) [0x0x7ff64ab32253]
	GetHandleVerifier [0x0x7ff64affa2ad+3004797]
	GetHandleVerifier [0x0x7ff64aff46fd+2981325]
	GetHandleVerifier [0x0x7ff64b013350+3107360]
	GetHandleVerifier [0x0x7ff64ad4a9fe+188622]
	GetHandleVerifier [0x0x7ff64ad5228f+219487]
	GetHandleVerifier [0x0x7ff64ad38dc4+115860]
	GetHandleVerifier [0x0x7ff64ad38f79+116297]
	GetHandleVerifier [0x0x7ff64ad1f528+11256]
	BaseThreadInitThunk [0x0x7ffdcbb37374+20]
	RtlUserThreadStart [0x0x7ffdcc59cc91+33]

2025-06-16 16:06:37,900 [INFO] Processing profile: Prem Kumar | Salcette | https://www.linkedin.com/in/premksingh05?miniProfileUrn=urn%3Ali%3Afs_miniProfile%3AACoAACOjmx0BUvoLmCn6gymKwDNua9mfk7FWJkQ
2025-06-16 16:06:57,443 [INFO] Visiting contact info page.
2025-06-16 16:07:17,804 [INFO] No email found for Prem Kumar, skipping.
2025-06-16 16:07:17,806 [INFO] Processing profile: Sushma Pawar | Palghar | https://www.linkedin.com/in/sushma-pawar-a4ba82141?miniProfileUrn=urn%3Ali%3Afs_miniProfile%3AACoAACKCI1sBdYnjhzOaY52h7fWjW5qgPI-XGC0
2025-06-16 16:07:35,752 [INFO] Visiting contact info page.
2025-06-16 16:07:53,355 [INFO] Adding new profile with email: psushmakishor@gmail.com
2025-06-16 16:07:53,356 [INFO] Appending 2 profiles to Excel.
2025-06-16 16:07:53,523 [INFO] Scraping page 9: https://www.linkedin.com/search/results/people/?keywords=hr%20recruiters%20of%20it%20companies&origin=CLUSTER_EXPANSION&sid=KwH&page=9
2025-06-16 16:08:04,550 [INFO] Processing profile:  | Coimbatore | 
2025-06-16 16:08:04,614 [ERROR] Error processing profile: Message: invalid argument
  (Session info: chrome=137.0.7151.104)
Stacktrace:
	GetHandleVerifier [0x0x7ff64ad2fe75+79173]
	GetHandleVerifier [0x0x7ff64ad2fed0+79264]
	(No symbol) [0x0x7ff64aae9c8c]
	(No symbol) [0x0x7ff64aad6998]
	(No symbol) [0x0x7ff64aad4d50]
	(No symbol) [0x0x7ff64aad541c]
	(No symbol) [0x0x7ff64aaede0a]
	(No symbol) [0x0x7ff64ab91dfe]
	(No symbol) [0x0x7ff64ab6896a]
	(No symbol) [0x0x7ff64ab9100d]
	(No symbol) [0x0x7ff64ab68743]
	(No symbol) [0x0x7ff64ab314c1]
	(No symbol) [0x0x7ff64ab32253]
	GetHandleVerifier [0x0x7ff64affa2ad+3004797]
	GetHandleVerifier [0x0x7ff64aff46fd+2981325]
	GetHandleVerifier [0x0x7ff64b013350+3107360]
	GetHandleVerifier [0x0x7ff64ad4a9fe+188622]
	GetHandleVerifier [0x0x7ff64ad5228f+219487]
	GetHandleVerifier [0x0x7ff64ad38dc4+115860]
	GetHandleVerifier [0x0x7ff64ad38f79+116297]
	GetHandleVerifier [0x0x7ff64ad1f528+11256]
	BaseThreadInitThunk [0x0x7ffdcbb37374+20]
	RtlUserThreadStart [0x0x7ffdcc59cc91+33]
Traceback (most recent call last):
  File "D:\VS Code\LinkedIn Scrapper\main2.py", line 135, in scrape_profiles
    driver.get(profile_url)
    ~~~~~~~~~~^^^^^^^^^^^^^
  File "d:\VS Code\LinkedIn Scrapper\.venv\Lib\site-packages\selenium\webdriver\remote\webdriver.py", line 472, in get
    self.execute(Command.GET, {"url": url})
    ~~~~~~~~~~~~^^^^^^^^^^^^^^^^^^^^^^^^^^^
  File "d:\VS Code\LinkedIn Scrapper\.venv\Lib\site-packages\selenium\webdriver\remote\webdriver.py", line 447, in execute
    self.error_handler.check_response(response)
    ~~~~~~~~~~~~~~~~~~~~~~~~~~~~~~~~~^^^^^^^^^^
  File "d:\VS Code\LinkedIn Scrapper\.venv\Lib\site-packages\selenium\webdriver\remote\errorhandler.py", line 232, in check_response
    raise exception_class(message, screen, stacktrace)
selenium.common.exceptions.InvalidArgumentException: Message: invalid argument
  (Session info: chrome=137.0.7151.104)
Stacktrace:
	GetHandleVerifier [0x0x7ff64ad2fe75+79173]
	GetHandleVerifier [0x0x7ff64ad2fed0+79264]
	(No symbol) [0x0x7ff64aae9c8c]
	(No symbol) [0x0x7ff64aad6998]
	(No symbol) [0x0x7ff64aad4d50]
	(No symbol) [0x0x7ff64aad541c]
	(No symbol) [0x0x7ff64aaede0a]
	(No symbol) [0x0x7ff64ab91dfe]
	(No symbol) [0x0x7ff64ab6896a]
	(No symbol) [0x0x7ff64ab9100d]
	(No symbol) [0x0x7ff64ab68743]
	(No symbol) [0x0x7ff64ab314c1]
	(No symbol) [0x0x7ff64ab32253]
	GetHandleVerifier [0x0x7ff64affa2ad+3004797]
	GetHandleVerifier [0x0x7ff64aff46fd+2981325]
	GetHandleVerifier [0x0x7ff64b013350+3107360]
	GetHandleVerifier [0x0x7ff64ad4a9fe+188622]
	GetHandleVerifier [0x0x7ff64ad5228f+219487]
	GetHandleVerifier [0x0x7ff64ad38dc4+115860]
	GetHandleVerifier [0x0x7ff64ad38f79+116297]
	GetHandleVerifier [0x0x7ff64ad1f528+11256]
	BaseThreadInitThunk [0x0x7ffdcbb37374+20]
	RtlUserThreadStart [0x0x7ffdcc59cc91+33]

2025-06-16 16:08:04,669 [INFO] Processing profile: Abhishek Dhuria | Mumbai | https://www.linkedin.com/in/abhishekdhuria?miniProfileUrn=urn%3Ali%3Afs_miniProfile%3AACoAABYRlo4B5ifi1RKP4P8b9-RLpJQqSaxCitc
2025-06-16 16:08:23,568 [INFO] Visiting contact info page.
2025-06-16 16:08:42,311 [INFO] No email found for Abhishek Dhuria, skipping.
2025-06-16 16:08:42,313 [INFO] Processing profile: Gaurav Srivastava | Noida | https://www.linkedin.com/in/gaurav-srivastava-bb02597b?miniProfileUrn=urn%3Ali%3Afs_miniProfile%3AACoAABDx4HQBB5R9p0tQc6CCH-qltgKPi4B6Q-c
2025-06-16 16:09:03,529 [INFO] Visiting contact info page.
2025-06-16 16:09:25,011 [INFO] Adding new profile with email: nivedita.sharma@walkingtree.tech
2025-06-16 16:09:25,014 [INFO] Processing profile: Ramya H R | Bengaluru | https://www.linkedin.com/in/ramya-h-r-859155a?miniProfileUrn=urn%3Ali%3Afs_miniProfile%3AACoAAAHNJ4UBEsBBHel8bFkn7r_tG4szUyRnCDU
2025-06-16 16:09:45,106 [INFO] Visiting contact info page.
2025-06-16 16:10:04,526 [INFO] No email found for Ramya H R, skipping.
2025-06-16 16:10:04,528 [INFO] Processing profile: Santhalakshmi SR | Chennai | https://www.linkedin.com/in/santhalakshmi-sr?miniProfileUrn=urn%3Ali%3Afs_miniProfile%3AACoAAC562CoBiwNCLoHzG68Uj_TVKEjBGvihTFI
2025-06-16 16:10:22,700 [INFO] Visiting contact info page.
2025-06-16 16:10:41,674 [INFO] Adding new profile with email: career@technoarete.org
2025-06-16 16:10:41,677 [INFO] Processing profile: Alina Davydova | Dubai, United Arab Emirates | https://www.linkedin.com/in/alina-davydova-71883818b?miniProfileUrn=urn%3Ali%3Afs_miniProfile%3AACoAACzLvQQBHq37KG9XOev73FpqtgnFbjhDgDE
2025-06-16 16:10:57,825 [INFO] Visiting contact info page.
2025-06-16 16:11:15,406 [INFO] No email found for Alina Davydova, skipping.
2025-06-16 16:11:15,408 [INFO] Processing profile: Kripa Nichani | Dubai, United Arab Emirates | https://www.linkedin.com/in/kripa-nichani?miniProfileUrn=urn%3Ali%3Afs_miniProfile%3AACoAADje_HsBCxL8VsRf45SGMrduSUCPdOMOXl0
2025-06-16 16:11:33,066 [INFO] Visiting contact info page.
2025-06-16 16:11:50,592 [INFO] Adding new profile with email: kripa@thenichehr.com
2025-06-16 16:11:50,596 [INFO] Processing profile: Jeremy Christensen | Riverton, UT | https://www.linkedin.com/in/christensenjeremy?miniProfileUrn=urn%3Ali%3Afs_miniProfile%3AACoAAAHzd1QBVO4Rd0ccCGEa8g7lu00hLj5p2Qc
2025-06-16 16:12:12,725 [INFO] Visiting contact info page.
2025-06-16 16:12:37,933 [INFO] No email found for Jeremy Christensen, skipping.
2025-06-16 16:12:37,935 [INFO] Processing profile: Leyna Vo | Greater Phoenix Area | https://www.linkedin.com/in/leynathvo?miniProfileUrn=urn%3Ali%3Afs_miniProfile%3AACoAABxESaUBxJf9gOra4qtuwE4Rz-VtR5wTciU
2025-06-16 16:13:11,681 [INFO] Visiting contact info page.
2025-06-16 16:13:52,279 [INFO] No email found for Leyna Vo, skipping.
2025-06-16 16:13:52,282 [INFO] Processing profile:  | Mumbai | 
2025-06-16 16:13:52,291 [ERROR] Error processing profile: Message: invalid argument
  (Session info: chrome=137.0.7151.104)
Stacktrace:
	GetHandleVerifier [0x0x7ff64ad2fe75+79173]
	GetHandleVerifier [0x0x7ff64ad2fed0+79264]
	(No symbol) [0x0x7ff64aae9c8c]
	(No symbol) [0x0x7ff64aad6998]
	(No symbol) [0x0x7ff64aad4d50]
	(No symbol) [0x0x7ff64aad541c]
	(No symbol) [0x0x7ff64aaede0a]
	(No symbol) [0x0x7ff64ab91dfe]
	(No symbol) [0x0x7ff64ab6896a]
	(No symbol) [0x0x7ff64ab9100d]
	(No symbol) [0x0x7ff64ab68743]
	(No symbol) [0x0x7ff64ab314c1]
	(No symbol) [0x0x7ff64ab32253]
	GetHandleVerifier [0x0x7ff64affa2ad+3004797]
	GetHandleVerifier [0x0x7ff64aff46fd+2981325]
	GetHandleVerifier [0x0x7ff64b013350+3107360]
	GetHandleVerifier [0x0x7ff64ad4a9fe+188622]
	GetHandleVerifier [0x0x7ff64ad5228f+219487]
	GetHandleVerifier [0x0x7ff64ad38dc4+115860]
	GetHandleVerifier [0x0x7ff64ad38f79+116297]
	GetHandleVerifier [0x0x7ff64ad1f528+11256]
	BaseThreadInitThunk [0x0x7ffdcbb37374+20]
	RtlUserThreadStart [0x0x7ffdcc59cc91+33]
Traceback (most recent call last):
  File "D:\VS Code\LinkedIn Scrapper\main2.py", line 135, in scrape_profiles
    driver.get(profile_url)
    ~~~~~~~~~~^^^^^^^^^^^^^
  File "d:\VS Code\LinkedIn Scrapper\.venv\Lib\site-packages\selenium\webdriver\remote\webdriver.py", line 472, in get
    self.execute(Command.GET, {"url": url})
    ~~~~~~~~~~~~^^^^^^^^^^^^^^^^^^^^^^^^^^^
  File "d:\VS Code\LinkedIn Scrapper\.venv\Lib\site-packages\selenium\webdriver\remote\webdriver.py", line 447, in execute
    self.error_handler.check_response(response)
    ~~~~~~~~~~~~~~~~~~~~~~~~~~~~~~~~~^^^^^^^^^^
  File "d:\VS Code\LinkedIn Scrapper\.venv\Lib\site-packages\selenium\webdriver\remote\errorhandler.py", line 232, in check_response
    raise exception_class(message, screen, stacktrace)
selenium.common.exceptions.InvalidArgumentException: Message: invalid argument
  (Session info: chrome=137.0.7151.104)
Stacktrace:
	GetHandleVerifier [0x0x7ff64ad2fe75+79173]
	GetHandleVerifier [0x0x7ff64ad2fed0+79264]
	(No symbol) [0x0x7ff64aae9c8c]
	(No symbol) [0x0x7ff64aad6998]
	(No symbol) [0x0x7ff64aad4d50]
	(No symbol) [0x0x7ff64aad541c]
	(No symbol) [0x0x7ff64aaede0a]
	(No symbol) [0x0x7ff64ab91dfe]
	(No symbol) [0x0x7ff64ab6896a]
	(No symbol) [0x0x7ff64ab9100d]
	(No symbol) [0x0x7ff64ab68743]
	(No symbol) [0x0x7ff64ab314c1]
	(No symbol) [0x0x7ff64ab32253]
	GetHandleVerifier [0x0x7ff64affa2ad+3004797]
	GetHandleVerifier [0x0x7ff64aff46fd+2981325]
	GetHandleVerifier [0x0x7ff64b013350+3107360]
	GetHandleVerifier [0x0x7ff64ad4a9fe+188622]
	GetHandleVerifier [0x0x7ff64ad5228f+219487]
	GetHandleVerifier [0x0x7ff64ad38dc4+115860]
	GetHandleVerifier [0x0x7ff64ad38f79+116297]
	GetHandleVerifier [0x0x7ff64ad1f528+11256]
	BaseThreadInitThunk [0x0x7ffdcbb37374+20]
	RtlUserThreadStart [0x0x7ffdcc59cc91+33]

2025-06-16 16:13:52,316 [INFO] Appending 3 profiles to Excel.
2025-06-16 16:13:52,510 [INFO] Scraping page 10: https://www.linkedin.com/search/results/people/?keywords=hr%20recruiters%20of%20it%20companies&origin=CLUSTER_EXPANSION&sid=KwH&page=10
2025-06-16 16:14:06,682 [INFO] Processing profile: priya gupta | Delhi, India | https://www.linkedin.com/in/priya-gupta-366629237?miniProfileUrn=urn%3Ali%3Afs_miniProfile%3AACoAADsA2L4BwFDOrJV4oee8PK6OCOdyiPCxZXg
2025-06-16 16:14:31,706 [INFO] Visiting contact info page.
2025-06-16 16:14:56,397 [INFO] Adding new profile with email: apply-priya.gupta@varite.com
2025-06-16 16:14:56,460 [INFO] Processing profile: Nataliia Hromadska | Kyiv | https://www.linkedin.com/in/nataliia-hromadska?miniProfileUrn=urn%3Ali%3Afs_miniProfile%3AACoAACRdf34BKYmBaCCfu4SzRArx8ydDmcOs_Jc
2025-06-16 16:15:22,321 [INFO] Visiting contact info page.
2025-06-16 16:15:46,129 [INFO] No email found for Nataliia Hromadska, skipping.
2025-06-16 16:16:09,402 [INFO] Visiting contact info page.
2025-06-16 16:16:34,173 [INFO] Adding new profile with email: pinar.demirel@rcrecruit.com
2025-06-16 16:16:34,175 [INFO] Processing profile: Svitlana Semyvolos | Ukraine | https://www.linkedin.com/in/svitlana-semyvolos-b21094165?miniProfileUrn=urn%3Ali%3Afs_miniProfile%3AACoAACdYSkkBPIhxf15utMV5UZ-i3AkLJUl7a2E
2025-06-16 16:16:56,723 [INFO] Visiting contact info page.
2025-06-16 16:17:06,931 [INFO] No email found for Svitlana Semyvolos, skipping.
2025-06-16 16:17:06,933 [INFO] Processing profile: Arshiya Qadri | Hyderabad | https://www.linkedin.com/in/arshiya-qadri-37b875b4?miniProfileUrn=urn%3Ali%3Afs_miniProfile%3AACoAABhVOs8B9NuPRIh18p-r6iLPtfDY7ThPpbU
2025-06-16 16:17:16,279 [INFO] No email found for Arshiya Qadri, skipping.
2025-06-16 16:17:16,283 [INFO] Processing profile: Neha kothari | Vadodara | https://www.linkedin.com/in/neha-kothari-492a40146?miniProfileUrn=urn%3Ali%3Afs_miniProfile%3AACoAACNknq4BS55wmLlwoa8XKti5oTZXCGhTlJ0
2025-06-16 16:17:24,535 [INFO] No email found for Neha kothari, skipping.
2025-06-16 16:17:24,537 [INFO] Processing profile: Mara de los Angeles Dalmasso | Argentina | https://www.linkedin.com/in/marydalmasso?miniProfileUrn=urn%3Ali%3Afs_miniProfile%3AACoAAAwDDfEBhN38sWA2Pah5iqjcpp0oDYUtGc0
2025-06-16 16:17:31,172 [INFO] No email found for Mara de los Angeles Dalmasso, skipping.
2025-06-16 16:17:31,174 [INFO] Processing profile: Manjusha Kulkarni | Nashik | https://www.linkedin.com/in/manjusha-kulkarni-134867252?miniProfileUrn=urn%3Ali%3Afs_miniProfile%3AACoAAD5rVfgBqLP92Tk0vb9-nFmQUbR81lVSMxc
2025-06-16 16:17:38,087 [INFO] No email found for Manjusha Kulkarni, skipping.
2025-06-16 16:17:38,100 [INFO] Processing profile: Ashish Sharma | Gurugram | https://www.linkedin.com/in/ashish-sharma-51a866223?miniProfileUrn=urn%3Ali%3Afs_miniProfile%3AACoAADgwoWYBpZXiUCTQJllNzXRfG3p64ATN_Fs
2025-06-16 16:17:45,689 [INFO] No email found for Ashish Sharma, skipping.
2025-06-16 16:17:45,790 [INFO] Processing profile: Andressa Rodrigues | Germany | https://www.linkedin.com/in/andressa-rodrigues-b0b5831a6?miniProfileUrn=urn%3Ali%3Afs_miniProfile%3AACoAADAjfnsBZ5_YDyUNQqdJ89GGu6tTWtZoy-Y
2025-06-16 16:17:55,602 [INFO] No email found for Andressa Rodrigues, skipping.
2025-06-16 16:17:55,607 [INFO] Appending 2 profiles to Excel.
2025-06-16 16:17:55,875 [INFO] Scraping page 11: https://www.linkedin.com/search/results/people/?keywords=hr%20recruiters%20of%20it%20companies&origin=CLUSTER_EXPANSION&sid=KwH&page=11
2025-06-16 16:18:03,110 [INFO] No more profiles found, stopping.
2025-06-16 16:18:17,484 [INFO] Driver closed.
